[2019-10-07 13:00:56,664] {logging_mixin.py:95} INFO - [2019-10-07 13:00:56,664] {settings.py:213} INFO - settings.configure_orm(): Using pool settings. pool_size=5, max_overflow=10, pool_recycle=1800, pid=17647
[2019-10-07 13:00:56,671] {scheduler_job.py:146} INFO - Started process (PID=17647) to work on /home/sat/Projects/p1/dags/file_mover.py
[2019-10-07 13:00:56,677] {scheduler_job.py:1520} INFO - Processing file /home/sat/Projects/p1/dags/file_mover.py for tasks to queue
[2019-10-07 13:00:56,678] {logging_mixin.py:95} INFO - [2019-10-07 13:00:56,677] {dagbag.py:90} INFO - Filling up the DagBag from /home/sat/Projects/p1/dags/file_mover.py
[2019-10-07 13:00:56,692] {scheduler_job.py:1532} INFO - DAG(s) dict_keys(['file_operations_pipeline']) retrieved from /home/sat/Projects/p1/dags/file_mover.py
[2019-10-07 13:00:56,722] {scheduler_job.py:152} INFO - Processing /home/sat/Projects/p1/dags/file_mover.py took 0.051 seconds
[2019-10-07 13:01:06,795] {logging_mixin.py:95} INFO - [2019-10-07 13:01:06,794] {settings.py:213} INFO - settings.configure_orm(): Using pool settings. pool_size=5, max_overflow=10, pool_recycle=1800, pid=17679
[2019-10-07 13:01:06,802] {scheduler_job.py:146} INFO - Started process (PID=17679) to work on /home/sat/Projects/p1/dags/file_mover.py
[2019-10-07 13:01:06,809] {scheduler_job.py:1520} INFO - Processing file /home/sat/Projects/p1/dags/file_mover.py for tasks to queue
[2019-10-07 13:01:06,810] {logging_mixin.py:95} INFO - [2019-10-07 13:01:06,810] {dagbag.py:90} INFO - Filling up the DagBag from /home/sat/Projects/p1/dags/file_mover.py
[2019-10-07 13:01:06,829] {scheduler_job.py:1532} INFO - DAG(s) dict_keys(['file_operations_pipeline']) retrieved from /home/sat/Projects/p1/dags/file_mover.py
[2019-10-07 13:01:06,871] {scheduler_job.py:152} INFO - Processing /home/sat/Projects/p1/dags/file_mover.py took 0.069 seconds
[2019-10-07 13:01:16,929] {logging_mixin.py:95} INFO - [2019-10-07 13:01:16,929] {settings.py:213} INFO - settings.configure_orm(): Using pool settings. pool_size=5, max_overflow=10, pool_recycle=1800, pid=17708
[2019-10-07 13:01:16,933] {scheduler_job.py:146} INFO - Started process (PID=17708) to work on /home/sat/Projects/p1/dags/file_mover.py
[2019-10-07 13:01:16,936] {scheduler_job.py:1520} INFO - Processing file /home/sat/Projects/p1/dags/file_mover.py for tasks to queue
[2019-10-07 13:01:16,936] {logging_mixin.py:95} INFO - [2019-10-07 13:01:16,936] {dagbag.py:90} INFO - Filling up the DagBag from /home/sat/Projects/p1/dags/file_mover.py
[2019-10-07 13:01:16,947] {scheduler_job.py:1532} INFO - DAG(s) dict_keys(['file_operations_pipeline']) retrieved from /home/sat/Projects/p1/dags/file_mover.py
[2019-10-07 13:01:17,022] {scheduler_job.py:152} INFO - Processing /home/sat/Projects/p1/dags/file_mover.py took 0.089 seconds
[2019-10-07 13:01:27,072] {logging_mixin.py:95} INFO - [2019-10-07 13:01:27,072] {settings.py:213} INFO - settings.configure_orm(): Using pool settings. pool_size=5, max_overflow=10, pool_recycle=1800, pid=17734
[2019-10-07 13:01:27,079] {scheduler_job.py:146} INFO - Started process (PID=17734) to work on /home/sat/Projects/p1/dags/file_mover.py
[2019-10-07 13:01:27,084] {scheduler_job.py:1520} INFO - Processing file /home/sat/Projects/p1/dags/file_mover.py for tasks to queue
[2019-10-07 13:01:27,085] {logging_mixin.py:95} INFO - [2019-10-07 13:01:27,085] {dagbag.py:90} INFO - Filling up the DagBag from /home/sat/Projects/p1/dags/file_mover.py
[2019-10-07 13:01:27,099] {scheduler_job.py:1532} INFO - DAG(s) dict_keys(['file_operations_pipeline']) retrieved from /home/sat/Projects/p1/dags/file_mover.py
[2019-10-07 13:01:27,134] {scheduler_job.py:152} INFO - Processing /home/sat/Projects/p1/dags/file_mover.py took 0.056 seconds
[2019-10-07 13:01:37,207] {logging_mixin.py:95} INFO - [2019-10-07 13:01:37,207] {settings.py:213} INFO - settings.configure_orm(): Using pool settings. pool_size=5, max_overflow=10, pool_recycle=1800, pid=17755
[2019-10-07 13:01:37,212] {scheduler_job.py:146} INFO - Started process (PID=17755) to work on /home/sat/Projects/p1/dags/file_mover.py
[2019-10-07 13:01:37,217] {scheduler_job.py:1520} INFO - Processing file /home/sat/Projects/p1/dags/file_mover.py for tasks to queue
[2019-10-07 13:01:37,217] {logging_mixin.py:95} INFO - [2019-10-07 13:01:37,217] {dagbag.py:90} INFO - Filling up the DagBag from /home/sat/Projects/p1/dags/file_mover.py
[2019-10-07 13:01:37,230] {scheduler_job.py:1532} INFO - DAG(s) dict_keys(['file_operations_pipeline']) retrieved from /home/sat/Projects/p1/dags/file_mover.py
[2019-10-07 13:01:37,263] {scheduler_job.py:152} INFO - Processing /home/sat/Projects/p1/dags/file_mover.py took 0.051 seconds
[2019-10-07 13:01:56,794] {logging_mixin.py:95} INFO - [2019-10-07 13:01:56,794] {settings.py:213} INFO - settings.configure_orm(): Using pool settings. pool_size=5, max_overflow=10, pool_recycle=1800, pid=17840
[2019-10-07 13:01:56,807] {scheduler_job.py:146} INFO - Started process (PID=17840) to work on /home/sat/Projects/p1/dags/file_mover.py
[2019-10-07 13:01:56,835] {scheduler_job.py:1520} INFO - Processing file /home/sat/Projects/p1/dags/file_mover.py for tasks to queue
[2019-10-07 13:01:56,835] {logging_mixin.py:95} INFO - [2019-10-07 13:01:56,835] {dagbag.py:90} INFO - Filling up the DagBag from /home/sat/Projects/p1/dags/file_mover.py
[2019-10-07 13:01:56,899] {scheduler_job.py:1532} INFO - DAG(s) dict_keys(['file_operations_pipeline']) retrieved from /home/sat/Projects/p1/dags/file_mover.py
[2019-10-07 13:01:57,025] {scheduler_job.py:152} INFO - Processing /home/sat/Projects/p1/dags/file_mover.py took 0.219 seconds
[2019-10-07 13:02:13,266] {logging_mixin.py:95} INFO - [2019-10-07 13:02:13,265] {settings.py:213} INFO - settings.configure_orm(): Using pool settings. pool_size=5, max_overflow=10, pool_recycle=1800, pid=17894
[2019-10-07 13:02:13,269] {scheduler_job.py:146} INFO - Started process (PID=17894) to work on /home/sat/Projects/p1/dags/file_mover.py
[2019-10-07 13:02:13,271] {scheduler_job.py:1520} INFO - Processing file /home/sat/Projects/p1/dags/file_mover.py for tasks to queue
[2019-10-07 13:02:13,271] {logging_mixin.py:95} INFO - [2019-10-07 13:02:13,271] {dagbag.py:90} INFO - Filling up the DagBag from /home/sat/Projects/p1/dags/file_mover.py
[2019-10-07 13:02:13,281] {scheduler_job.py:1532} INFO - DAG(s) dict_keys(['file_operations_pipeline']) retrieved from /home/sat/Projects/p1/dags/file_mover.py
[2019-10-07 13:02:13,318] {scheduler_job.py:152} INFO - Processing /home/sat/Projects/p1/dags/file_mover.py took 0.049 seconds
[2019-10-07 13:02:23,415] {logging_mixin.py:95} INFO - [2019-10-07 13:02:23,415] {settings.py:213} INFO - settings.configure_orm(): Using pool settings. pool_size=5, max_overflow=10, pool_recycle=1800, pid=17938
[2019-10-07 13:02:23,423] {scheduler_job.py:146} INFO - Started process (PID=17938) to work on /home/sat/Projects/p1/dags/file_mover.py
[2019-10-07 13:02:23,429] {scheduler_job.py:1520} INFO - Processing file /home/sat/Projects/p1/dags/file_mover.py for tasks to queue
[2019-10-07 13:02:23,429] {logging_mixin.py:95} INFO - [2019-10-07 13:02:23,429] {dagbag.py:90} INFO - Filling up the DagBag from /home/sat/Projects/p1/dags/file_mover.py
[2019-10-07 13:02:23,445] {scheduler_job.py:1532} INFO - DAG(s) dict_keys(['file_operations_pipeline']) retrieved from /home/sat/Projects/p1/dags/file_mover.py
[2019-10-07 13:02:23,519] {scheduler_job.py:152} INFO - Processing /home/sat/Projects/p1/dags/file_mover.py took 0.097 seconds
[2019-10-07 13:02:32,552] {logging_mixin.py:95} INFO - [2019-10-07 13:02:32,550] {settings.py:213} INFO - settings.configure_orm(): Using pool settings. pool_size=5, max_overflow=10, pool_recycle=1800, pid=17985
[2019-10-07 13:02:32,567] {scheduler_job.py:146} INFO - Started process (PID=17985) to work on /home/sat/Projects/p1/dags/file_mover.py
[2019-10-07 13:02:32,578] {scheduler_job.py:1520} INFO - Processing file /home/sat/Projects/p1/dags/file_mover.py for tasks to queue
[2019-10-07 13:02:32,579] {logging_mixin.py:95} INFO - [2019-10-07 13:02:32,579] {dagbag.py:90} INFO - Filling up the DagBag from /home/sat/Projects/p1/dags/file_mover.py
[2019-10-07 13:02:32,603] {scheduler_job.py:1532} INFO - DAG(s) dict_keys(['file_operations_pipeline']) retrieved from /home/sat/Projects/p1/dags/file_mover.py
[2019-10-07 13:02:32,782] {scheduler_job.py:152} INFO - Processing /home/sat/Projects/p1/dags/file_mover.py took 0.214 seconds
[2019-10-07 13:02:42,672] {logging_mixin.py:95} INFO - [2019-10-07 13:02:42,672] {settings.py:213} INFO - settings.configure_orm(): Using pool settings. pool_size=5, max_overflow=10, pool_recycle=1800, pid=18032
[2019-10-07 13:02:42,675] {scheduler_job.py:146} INFO - Started process (PID=18032) to work on /home/sat/Projects/p1/dags/file_mover.py
[2019-10-07 13:02:42,678] {scheduler_job.py:1520} INFO - Processing file /home/sat/Projects/p1/dags/file_mover.py for tasks to queue
[2019-10-07 13:02:42,678] {logging_mixin.py:95} INFO - [2019-10-07 13:02:42,678] {dagbag.py:90} INFO - Filling up the DagBag from /home/sat/Projects/p1/dags/file_mover.py
[2019-10-07 13:02:42,688] {scheduler_job.py:1532} INFO - DAG(s) dict_keys(['file_operations_pipeline']) retrieved from /home/sat/Projects/p1/dags/file_mover.py
[2019-10-07 13:02:42,863] {scheduler_job.py:152} INFO - Processing /home/sat/Projects/p1/dags/file_mover.py took 0.188 seconds
[2019-10-07 13:02:52,841] {logging_mixin.py:95} INFO - [2019-10-07 13:02:52,841] {settings.py:213} INFO - settings.configure_orm(): Using pool settings. pool_size=5, max_overflow=10, pool_recycle=1800, pid=18056
[2019-10-07 13:02:52,845] {scheduler_job.py:146} INFO - Started process (PID=18056) to work on /home/sat/Projects/p1/dags/file_mover.py
[2019-10-07 13:02:52,848] {scheduler_job.py:1520} INFO - Processing file /home/sat/Projects/p1/dags/file_mover.py for tasks to queue
[2019-10-07 13:02:52,849] {logging_mixin.py:95} INFO - [2019-10-07 13:02:52,849] {dagbag.py:90} INFO - Filling up the DagBag from /home/sat/Projects/p1/dags/file_mover.py
[2019-10-07 13:02:52,859] {scheduler_job.py:1532} INFO - DAG(s) dict_keys(['file_operations_pipeline']) retrieved from /home/sat/Projects/p1/dags/file_mover.py
[2019-10-07 13:02:52,890] {scheduler_job.py:152} INFO - Processing /home/sat/Projects/p1/dags/file_mover.py took 0.044 seconds
[2019-10-07 13:03:02,966] {logging_mixin.py:95} INFO - [2019-10-07 13:03:02,966] {settings.py:213} INFO - settings.configure_orm(): Using pool settings. pool_size=5, max_overflow=10, pool_recycle=1800, pid=18083
[2019-10-07 13:03:02,970] {scheduler_job.py:146} INFO - Started process (PID=18083) to work on /home/sat/Projects/p1/dags/file_mover.py
[2019-10-07 13:03:02,972] {scheduler_job.py:1520} INFO - Processing file /home/sat/Projects/p1/dags/file_mover.py for tasks to queue
[2019-10-07 13:03:02,972] {logging_mixin.py:95} INFO - [2019-10-07 13:03:02,972] {dagbag.py:90} INFO - Filling up the DagBag from /home/sat/Projects/p1/dags/file_mover.py
[2019-10-07 13:03:02,980] {scheduler_job.py:1532} INFO - DAG(s) dict_keys(['file_operations_pipeline']) retrieved from /home/sat/Projects/p1/dags/file_mover.py
[2019-10-07 13:03:03,009] {scheduler_job.py:152} INFO - Processing /home/sat/Projects/p1/dags/file_mover.py took 0.039 seconds
[2019-10-07 13:03:13,124] {logging_mixin.py:95} INFO - [2019-10-07 13:03:13,124] {settings.py:213} INFO - settings.configure_orm(): Using pool settings. pool_size=5, max_overflow=10, pool_recycle=1800, pid=18107
[2019-10-07 13:03:13,130] {scheduler_job.py:146} INFO - Started process (PID=18107) to work on /home/sat/Projects/p1/dags/file_mover.py
[2019-10-07 13:03:13,134] {scheduler_job.py:1520} INFO - Processing file /home/sat/Projects/p1/dags/file_mover.py for tasks to queue
[2019-10-07 13:03:13,134] {logging_mixin.py:95} INFO - [2019-10-07 13:03:13,134] {dagbag.py:90} INFO - Filling up the DagBag from /home/sat/Projects/p1/dags/file_mover.py
[2019-10-07 13:03:13,145] {scheduler_job.py:1532} INFO - DAG(s) dict_keys(['file_operations_pipeline']) retrieved from /home/sat/Projects/p1/dags/file_mover.py
[2019-10-07 13:03:13,185] {scheduler_job.py:152} INFO - Processing /home/sat/Projects/p1/dags/file_mover.py took 0.055 seconds
[2019-10-07 13:03:23,291] {logging_mixin.py:95} INFO - [2019-10-07 13:03:23,291] {settings.py:213} INFO - settings.configure_orm(): Using pool settings. pool_size=5, max_overflow=10, pool_recycle=1800, pid=18131
[2019-10-07 13:03:23,299] {scheduler_job.py:146} INFO - Started process (PID=18131) to work on /home/sat/Projects/p1/dags/file_mover.py
[2019-10-07 13:03:23,305] {scheduler_job.py:1520} INFO - Processing file /home/sat/Projects/p1/dags/file_mover.py for tasks to queue
[2019-10-07 13:03:23,306] {logging_mixin.py:95} INFO - [2019-10-07 13:03:23,306] {dagbag.py:90} INFO - Filling up the DagBag from /home/sat/Projects/p1/dags/file_mover.py
[2019-10-07 13:03:23,327] {scheduler_job.py:1532} INFO - DAG(s) dict_keys(['file_operations_pipeline']) retrieved from /home/sat/Projects/p1/dags/file_mover.py
[2019-10-07 13:03:23,391] {scheduler_job.py:152} INFO - Processing /home/sat/Projects/p1/dags/file_mover.py took 0.092 seconds
[2019-10-07 13:03:33,433] {logging_mixin.py:95} INFO - [2019-10-07 13:03:33,432] {settings.py:213} INFO - settings.configure_orm(): Using pool settings. pool_size=5, max_overflow=10, pool_recycle=1800, pid=18157
[2019-10-07 13:03:33,437] {scheduler_job.py:146} INFO - Started process (PID=18157) to work on /home/sat/Projects/p1/dags/file_mover.py
[2019-10-07 13:03:33,441] {scheduler_job.py:1520} INFO - Processing file /home/sat/Projects/p1/dags/file_mover.py for tasks to queue
[2019-10-07 13:03:33,441] {logging_mixin.py:95} INFO - [2019-10-07 13:03:33,441] {dagbag.py:90} INFO - Filling up the DagBag from /home/sat/Projects/p1/dags/file_mover.py
[2019-10-07 13:03:33,450] {scheduler_job.py:1532} INFO - DAG(s) dict_keys(['file_operations_pipeline']) retrieved from /home/sat/Projects/p1/dags/file_mover.py
[2019-10-07 13:03:33,480] {scheduler_job.py:152} INFO - Processing /home/sat/Projects/p1/dags/file_mover.py took 0.043 seconds
[2019-10-07 13:03:43,607] {logging_mixin.py:95} INFO - [2019-10-07 13:03:43,607] {settings.py:213} INFO - settings.configure_orm(): Using pool settings. pool_size=5, max_overflow=10, pool_recycle=1800, pid=18186
[2019-10-07 13:03:43,613] {scheduler_job.py:146} INFO - Started process (PID=18186) to work on /home/sat/Projects/p1/dags/file_mover.py
[2019-10-07 13:03:43,617] {scheduler_job.py:1520} INFO - Processing file /home/sat/Projects/p1/dags/file_mover.py for tasks to queue
[2019-10-07 13:03:43,617] {logging_mixin.py:95} INFO - [2019-10-07 13:03:43,617] {dagbag.py:90} INFO - Filling up the DagBag from /home/sat/Projects/p1/dags/file_mover.py
[2019-10-07 13:03:43,629] {scheduler_job.py:1532} INFO - DAG(s) dict_keys(['file_operations_pipeline']) retrieved from /home/sat/Projects/p1/dags/file_mover.py
[2019-10-07 13:03:43,667] {scheduler_job.py:152} INFO - Processing /home/sat/Projects/p1/dags/file_mover.py took 0.054 seconds
[2019-10-07 13:03:53,793] {logging_mixin.py:95} INFO - [2019-10-07 13:03:53,793] {settings.py:213} INFO - settings.configure_orm(): Using pool settings. pool_size=5, max_overflow=10, pool_recycle=1800, pid=18208
[2019-10-07 13:03:53,801] {scheduler_job.py:146} INFO - Started process (PID=18208) to work on /home/sat/Projects/p1/dags/file_mover.py
[2019-10-07 13:03:53,805] {scheduler_job.py:1520} INFO - Processing file /home/sat/Projects/p1/dags/file_mover.py for tasks to queue
[2019-10-07 13:03:53,806] {logging_mixin.py:95} INFO - [2019-10-07 13:03:53,806] {dagbag.py:90} INFO - Filling up the DagBag from /home/sat/Projects/p1/dags/file_mover.py
[2019-10-07 13:03:53,817] {scheduler_job.py:1532} INFO - DAG(s) dict_keys(['file_operations_pipeline']) retrieved from /home/sat/Projects/p1/dags/file_mover.py
[2019-10-07 13:03:53,846] {scheduler_job.py:152} INFO - Processing /home/sat/Projects/p1/dags/file_mover.py took 0.045 seconds
[2019-10-07 13:04:03,923] {logging_mixin.py:95} INFO - [2019-10-07 13:04:03,922] {settings.py:213} INFO - settings.configure_orm(): Using pool settings. pool_size=5, max_overflow=10, pool_recycle=1800, pid=18236
[2019-10-07 13:04:03,929] {scheduler_job.py:146} INFO - Started process (PID=18236) to work on /home/sat/Projects/p1/dags/file_mover.py
[2019-10-07 13:04:03,934] {scheduler_job.py:1520} INFO - Processing file /home/sat/Projects/p1/dags/file_mover.py for tasks to queue
[2019-10-07 13:04:03,935] {logging_mixin.py:95} INFO - [2019-10-07 13:04:03,935] {dagbag.py:90} INFO - Filling up the DagBag from /home/sat/Projects/p1/dags/file_mover.py
[2019-10-07 13:04:03,947] {scheduler_job.py:1532} INFO - DAG(s) dict_keys(['file_operations_pipeline']) retrieved from /home/sat/Projects/p1/dags/file_mover.py
[2019-10-07 13:04:03,980] {scheduler_job.py:152} INFO - Processing /home/sat/Projects/p1/dags/file_mover.py took 0.051 seconds
[2019-10-07 13:04:14,071] {logging_mixin.py:95} INFO - [2019-10-07 13:04:14,071] {settings.py:213} INFO - settings.configure_orm(): Using pool settings. pool_size=5, max_overflow=10, pool_recycle=1800, pid=18258
[2019-10-07 13:04:14,078] {scheduler_job.py:146} INFO - Started process (PID=18258) to work on /home/sat/Projects/p1/dags/file_mover.py
[2019-10-07 13:04:14,081] {scheduler_job.py:1520} INFO - Processing file /home/sat/Projects/p1/dags/file_mover.py for tasks to queue
[2019-10-07 13:04:14,082] {logging_mixin.py:95} INFO - [2019-10-07 13:04:14,082] {dagbag.py:90} INFO - Filling up the DagBag from /home/sat/Projects/p1/dags/file_mover.py
[2019-10-07 13:04:14,093] {scheduler_job.py:1532} INFO - DAG(s) dict_keys(['file_operations_pipeline']) retrieved from /home/sat/Projects/p1/dags/file_mover.py
[2019-10-07 13:04:14,121] {scheduler_job.py:152} INFO - Processing /home/sat/Projects/p1/dags/file_mover.py took 0.043 seconds
[2019-10-07 13:04:24,202] {logging_mixin.py:95} INFO - [2019-10-07 13:04:24,202] {settings.py:213} INFO - settings.configure_orm(): Using pool settings. pool_size=5, max_overflow=10, pool_recycle=1800, pid=18281
[2019-10-07 13:04:24,209] {scheduler_job.py:146} INFO - Started process (PID=18281) to work on /home/sat/Projects/p1/dags/file_mover.py
[2019-10-07 13:04:24,212] {scheduler_job.py:1520} INFO - Processing file /home/sat/Projects/p1/dags/file_mover.py for tasks to queue
[2019-10-07 13:04:24,213] {logging_mixin.py:95} INFO - [2019-10-07 13:04:24,213] {dagbag.py:90} INFO - Filling up the DagBag from /home/sat/Projects/p1/dags/file_mover.py
[2019-10-07 13:04:24,224] {scheduler_job.py:1532} INFO - DAG(s) dict_keys(['file_operations_pipeline']) retrieved from /home/sat/Projects/p1/dags/file_mover.py
[2019-10-07 13:04:24,252] {scheduler_job.py:152} INFO - Processing /home/sat/Projects/p1/dags/file_mover.py took 0.043 seconds
[2019-10-07 13:04:34,317] {logging_mixin.py:95} INFO - [2019-10-07 13:04:34,317] {settings.py:213} INFO - settings.configure_orm(): Using pool settings. pool_size=5, max_overflow=10, pool_recycle=1800, pid=18303
[2019-10-07 13:04:34,321] {scheduler_job.py:146} INFO - Started process (PID=18303) to work on /home/sat/Projects/p1/dags/file_mover.py
[2019-10-07 13:04:34,324] {scheduler_job.py:1520} INFO - Processing file /home/sat/Projects/p1/dags/file_mover.py for tasks to queue
[2019-10-07 13:04:34,325] {logging_mixin.py:95} INFO - [2019-10-07 13:04:34,325] {dagbag.py:90} INFO - Filling up the DagBag from /home/sat/Projects/p1/dags/file_mover.py
[2019-10-07 13:04:34,342] {scheduler_job.py:1532} INFO - DAG(s) dict_keys(['file_operations_pipeline']) retrieved from /home/sat/Projects/p1/dags/file_mover.py
[2019-10-07 13:04:34,375] {scheduler_job.py:152} INFO - Processing /home/sat/Projects/p1/dags/file_mover.py took 0.053 seconds
[2019-10-07 13:04:44,440] {logging_mixin.py:95} INFO - [2019-10-07 13:04:44,440] {settings.py:213} INFO - settings.configure_orm(): Using pool settings. pool_size=5, max_overflow=10, pool_recycle=1800, pid=18327
[2019-10-07 13:04:44,448] {scheduler_job.py:146} INFO - Started process (PID=18327) to work on /home/sat/Projects/p1/dags/file_mover.py
[2019-10-07 13:04:44,452] {scheduler_job.py:1520} INFO - Processing file /home/sat/Projects/p1/dags/file_mover.py for tasks to queue
[2019-10-07 13:04:44,453] {logging_mixin.py:95} INFO - [2019-10-07 13:04:44,452] {dagbag.py:90} INFO - Filling up the DagBag from /home/sat/Projects/p1/dags/file_mover.py
[2019-10-07 13:04:44,464] {scheduler_job.py:1532} INFO - DAG(s) dict_keys(['file_operations_pipeline']) retrieved from /home/sat/Projects/p1/dags/file_mover.py
[2019-10-07 13:04:44,492] {scheduler_job.py:152} INFO - Processing /home/sat/Projects/p1/dags/file_mover.py took 0.045 seconds
[2019-10-07 13:04:54,559] {logging_mixin.py:95} INFO - [2019-10-07 13:04:54,559] {settings.py:213} INFO - settings.configure_orm(): Using pool settings. pool_size=5, max_overflow=10, pool_recycle=1800, pid=18350
[2019-10-07 13:04:54,562] {scheduler_job.py:146} INFO - Started process (PID=18350) to work on /home/sat/Projects/p1/dags/file_mover.py
[2019-10-07 13:04:54,564] {scheduler_job.py:1520} INFO - Processing file /home/sat/Projects/p1/dags/file_mover.py for tasks to queue
[2019-10-07 13:04:54,564] {logging_mixin.py:95} INFO - [2019-10-07 13:04:54,564] {dagbag.py:90} INFO - Filling up the DagBag from /home/sat/Projects/p1/dags/file_mover.py
[2019-10-07 13:04:54,572] {scheduler_job.py:1532} INFO - DAG(s) dict_keys(['file_operations_pipeline']) retrieved from /home/sat/Projects/p1/dags/file_mover.py
[2019-10-07 13:04:54,603] {scheduler_job.py:152} INFO - Processing /home/sat/Projects/p1/dags/file_mover.py took 0.042 seconds
[2019-10-07 13:05:04,666] {logging_mixin.py:95} INFO - [2019-10-07 13:05:04,665] {settings.py:213} INFO - settings.configure_orm(): Using pool settings. pool_size=5, max_overflow=10, pool_recycle=1800, pid=18375
[2019-10-07 13:05:04,671] {scheduler_job.py:146} INFO - Started process (PID=18375) to work on /home/sat/Projects/p1/dags/file_mover.py
[2019-10-07 13:05:04,676] {scheduler_job.py:1520} INFO - Processing file /home/sat/Projects/p1/dags/file_mover.py for tasks to queue
[2019-10-07 13:05:04,677] {logging_mixin.py:95} INFO - [2019-10-07 13:05:04,676] {dagbag.py:90} INFO - Filling up the DagBag from /home/sat/Projects/p1/dags/file_mover.py
[2019-10-07 13:05:04,695] {scheduler_job.py:1532} INFO - DAG(s) dict_keys(['file_operations_pipeline']) retrieved from /home/sat/Projects/p1/dags/file_mover.py
[2019-10-07 13:05:04,748] {scheduler_job.py:152} INFO - Processing /home/sat/Projects/p1/dags/file_mover.py took 0.077 seconds
[2019-10-07 13:05:14,778] {logging_mixin.py:95} INFO - [2019-10-07 13:05:14,778] {settings.py:213} INFO - settings.configure_orm(): Using pool settings. pool_size=5, max_overflow=10, pool_recycle=1800, pid=18401
[2019-10-07 13:05:14,784] {scheduler_job.py:146} INFO - Started process (PID=18401) to work on /home/sat/Projects/p1/dags/file_mover.py
[2019-10-07 13:05:14,788] {scheduler_job.py:1520} INFO - Processing file /home/sat/Projects/p1/dags/file_mover.py for tasks to queue
[2019-10-07 13:05:14,789] {logging_mixin.py:95} INFO - [2019-10-07 13:05:14,789] {dagbag.py:90} INFO - Filling up the DagBag from /home/sat/Projects/p1/dags/file_mover.py
[2019-10-07 13:05:14,807] {scheduler_job.py:1532} INFO - DAG(s) dict_keys(['file_operations_pipeline']) retrieved from /home/sat/Projects/p1/dags/file_mover.py
[2019-10-07 13:05:14,870] {scheduler_job.py:152} INFO - Processing /home/sat/Projects/p1/dags/file_mover.py took 0.086 seconds
[2019-10-07 13:05:24,900] {logging_mixin.py:95} INFO - [2019-10-07 13:05:24,899] {settings.py:213} INFO - settings.configure_orm(): Using pool settings. pool_size=5, max_overflow=10, pool_recycle=1800, pid=18426
[2019-10-07 13:05:24,905] {scheduler_job.py:146} INFO - Started process (PID=18426) to work on /home/sat/Projects/p1/dags/file_mover.py
[2019-10-07 13:05:24,910] {scheduler_job.py:1520} INFO - Processing file /home/sat/Projects/p1/dags/file_mover.py for tasks to queue
[2019-10-07 13:05:24,911] {logging_mixin.py:95} INFO - [2019-10-07 13:05:24,911] {dagbag.py:90} INFO - Filling up the DagBag from /home/sat/Projects/p1/dags/file_mover.py
[2019-10-07 13:05:24,929] {scheduler_job.py:1532} INFO - DAG(s) dict_keys(['file_operations_pipeline']) retrieved from /home/sat/Projects/p1/dags/file_mover.py
[2019-10-07 13:05:24,993] {scheduler_job.py:152} INFO - Processing /home/sat/Projects/p1/dags/file_mover.py took 0.088 seconds
[2019-10-07 13:05:35,008] {logging_mixin.py:95} INFO - [2019-10-07 13:05:35,008] {settings.py:213} INFO - settings.configure_orm(): Using pool settings. pool_size=5, max_overflow=10, pool_recycle=1800, pid=18450
[2019-10-07 13:05:35,014] {scheduler_job.py:146} INFO - Started process (PID=18450) to work on /home/sat/Projects/p1/dags/file_mover.py
[2019-10-07 13:05:35,019] {scheduler_job.py:1520} INFO - Processing file /home/sat/Projects/p1/dags/file_mover.py for tasks to queue
[2019-10-07 13:05:35,020] {logging_mixin.py:95} INFO - [2019-10-07 13:05:35,019] {dagbag.py:90} INFO - Filling up the DagBag from /home/sat/Projects/p1/dags/file_mover.py
[2019-10-07 13:05:35,038] {scheduler_job.py:1532} INFO - DAG(s) dict_keys(['file_operations_pipeline']) retrieved from /home/sat/Projects/p1/dags/file_mover.py
[2019-10-07 13:05:35,099] {scheduler_job.py:152} INFO - Processing /home/sat/Projects/p1/dags/file_mover.py took 0.085 seconds
[2019-10-07 13:05:45,114] {logging_mixin.py:95} INFO - [2019-10-07 13:05:45,113] {settings.py:213} INFO - settings.configure_orm(): Using pool settings. pool_size=5, max_overflow=10, pool_recycle=1800, pid=18479
[2019-10-07 13:05:45,116] {scheduler_job.py:146} INFO - Started process (PID=18479) to work on /home/sat/Projects/p1/dags/file_mover.py
[2019-10-07 13:05:45,118] {scheduler_job.py:1520} INFO - Processing file /home/sat/Projects/p1/dags/file_mover.py for tasks to queue
[2019-10-07 13:05:45,118] {logging_mixin.py:95} INFO - [2019-10-07 13:05:45,118] {dagbag.py:90} INFO - Filling up the DagBag from /home/sat/Projects/p1/dags/file_mover.py
[2019-10-07 13:05:45,127] {scheduler_job.py:1532} INFO - DAG(s) dict_keys(['file_operations_pipeline']) retrieved from /home/sat/Projects/p1/dags/file_mover.py
[2019-10-07 13:05:45,155] {scheduler_job.py:152} INFO - Processing /home/sat/Projects/p1/dags/file_mover.py took 0.039 seconds
[2019-10-07 13:05:55,238] {logging_mixin.py:95} INFO - [2019-10-07 13:05:55,238] {settings.py:213} INFO - settings.configure_orm(): Using pool settings. pool_size=5, max_overflow=10, pool_recycle=1800, pid=18499
[2019-10-07 13:05:55,241] {scheduler_job.py:146} INFO - Started process (PID=18499) to work on /home/sat/Projects/p1/dags/file_mover.py
[2019-10-07 13:05:55,243] {scheduler_job.py:1520} INFO - Processing file /home/sat/Projects/p1/dags/file_mover.py for tasks to queue
[2019-10-07 13:05:55,244] {logging_mixin.py:95} INFO - [2019-10-07 13:05:55,244] {dagbag.py:90} INFO - Filling up the DagBag from /home/sat/Projects/p1/dags/file_mover.py
[2019-10-07 13:05:55,252] {scheduler_job.py:1532} INFO - DAG(s) dict_keys(['file_operations_pipeline']) retrieved from /home/sat/Projects/p1/dags/file_mover.py
[2019-10-07 13:05:55,283] {scheduler_job.py:152} INFO - Processing /home/sat/Projects/p1/dags/file_mover.py took 0.042 seconds
[2019-10-07 13:06:05,340] {logging_mixin.py:95} INFO - [2019-10-07 13:06:05,340] {settings.py:213} INFO - settings.configure_orm(): Using pool settings. pool_size=5, max_overflow=10, pool_recycle=1800, pid=18523
[2019-10-07 13:06:05,343] {scheduler_job.py:146} INFO - Started process (PID=18523) to work on /home/sat/Projects/p1/dags/file_mover.py
[2019-10-07 13:06:05,346] {scheduler_job.py:1520} INFO - Processing file /home/sat/Projects/p1/dags/file_mover.py for tasks to queue
[2019-10-07 13:06:05,346] {logging_mixin.py:95} INFO - [2019-10-07 13:06:05,346] {dagbag.py:90} INFO - Filling up the DagBag from /home/sat/Projects/p1/dags/file_mover.py
[2019-10-07 13:06:05,354] {scheduler_job.py:1532} INFO - DAG(s) dict_keys(['file_operations_pipeline']) retrieved from /home/sat/Projects/p1/dags/file_mover.py
[2019-10-07 13:06:05,382] {scheduler_job.py:152} INFO - Processing /home/sat/Projects/p1/dags/file_mover.py took 0.039 seconds
[2019-10-07 13:06:15,447] {logging_mixin.py:95} INFO - [2019-10-07 13:06:15,447] {settings.py:213} INFO - settings.configure_orm(): Using pool settings. pool_size=5, max_overflow=10, pool_recycle=1800, pid=18551
[2019-10-07 13:06:15,450] {scheduler_job.py:146} INFO - Started process (PID=18551) to work on /home/sat/Projects/p1/dags/file_mover.py
[2019-10-07 13:06:15,452] {scheduler_job.py:1520} INFO - Processing file /home/sat/Projects/p1/dags/file_mover.py for tasks to queue
[2019-10-07 13:06:15,453] {logging_mixin.py:95} INFO - [2019-10-07 13:06:15,453] {dagbag.py:90} INFO - Filling up the DagBag from /home/sat/Projects/p1/dags/file_mover.py
[2019-10-07 13:06:15,461] {scheduler_job.py:1532} INFO - DAG(s) dict_keys(['file_operations_pipeline']) retrieved from /home/sat/Projects/p1/dags/file_mover.py
[2019-10-07 13:06:15,491] {scheduler_job.py:152} INFO - Processing /home/sat/Projects/p1/dags/file_mover.py took 0.042 seconds
[2019-10-07 13:06:25,550] {logging_mixin.py:95} INFO - [2019-10-07 13:06:25,550] {settings.py:213} INFO - settings.configure_orm(): Using pool settings. pool_size=5, max_overflow=10, pool_recycle=1800, pid=18572
[2019-10-07 13:06:25,553] {scheduler_job.py:146} INFO - Started process (PID=18572) to work on /home/sat/Projects/p1/dags/file_mover.py
[2019-10-07 13:06:25,556] {scheduler_job.py:1520} INFO - Processing file /home/sat/Projects/p1/dags/file_mover.py for tasks to queue
[2019-10-07 13:06:25,556] {logging_mixin.py:95} INFO - [2019-10-07 13:06:25,556] {dagbag.py:90} INFO - Filling up the DagBag from /home/sat/Projects/p1/dags/file_mover.py
[2019-10-07 13:06:25,564] {scheduler_job.py:1532} INFO - DAG(s) dict_keys(['file_operations_pipeline']) retrieved from /home/sat/Projects/p1/dags/file_mover.py
[2019-10-07 13:06:25,601] {scheduler_job.py:152} INFO - Processing /home/sat/Projects/p1/dags/file_mover.py took 0.048 seconds
[2019-10-07 13:06:35,668] {logging_mixin.py:95} INFO - [2019-10-07 13:06:35,668] {settings.py:213} INFO - settings.configure_orm(): Using pool settings. pool_size=5, max_overflow=10, pool_recycle=1800, pid=18593
[2019-10-07 13:06:35,674] {scheduler_job.py:146} INFO - Started process (PID=18593) to work on /home/sat/Projects/p1/dags/file_mover.py
[2019-10-07 13:06:35,680] {scheduler_job.py:1520} INFO - Processing file /home/sat/Projects/p1/dags/file_mover.py for tasks to queue
[2019-10-07 13:06:35,681] {logging_mixin.py:95} INFO - [2019-10-07 13:06:35,681] {dagbag.py:90} INFO - Filling up the DagBag from /home/sat/Projects/p1/dags/file_mover.py
[2019-10-07 13:06:35,699] {scheduler_job.py:1532} INFO - DAG(s) dict_keys(['file_operations_pipeline']) retrieved from /home/sat/Projects/p1/dags/file_mover.py
[2019-10-07 13:06:35,758] {scheduler_job.py:152} INFO - Processing /home/sat/Projects/p1/dags/file_mover.py took 0.084 seconds
[2019-10-07 13:06:45,788] {logging_mixin.py:95} INFO - [2019-10-07 13:06:45,788] {settings.py:213} INFO - settings.configure_orm(): Using pool settings. pool_size=5, max_overflow=10, pool_recycle=1800, pid=18622
[2019-10-07 13:06:45,791] {scheduler_job.py:146} INFO - Started process (PID=18622) to work on /home/sat/Projects/p1/dags/file_mover.py
[2019-10-07 13:06:45,794] {scheduler_job.py:1520} INFO - Processing file /home/sat/Projects/p1/dags/file_mover.py for tasks to queue
[2019-10-07 13:06:45,794] {logging_mixin.py:95} INFO - [2019-10-07 13:06:45,794] {dagbag.py:90} INFO - Filling up the DagBag from /home/sat/Projects/p1/dags/file_mover.py
[2019-10-07 13:06:45,802] {scheduler_job.py:1532} INFO - DAG(s) dict_keys(['file_operations_pipeline']) retrieved from /home/sat/Projects/p1/dags/file_mover.py
[2019-10-07 13:06:45,830] {scheduler_job.py:152} INFO - Processing /home/sat/Projects/p1/dags/file_mover.py took 0.039 seconds
[2019-10-07 13:06:55,896] {logging_mixin.py:95} INFO - [2019-10-07 13:06:55,896] {settings.py:213} INFO - settings.configure_orm(): Using pool settings. pool_size=5, max_overflow=10, pool_recycle=1800, pid=18644
[2019-10-07 13:06:55,899] {scheduler_job.py:146} INFO - Started process (PID=18644) to work on /home/sat/Projects/p1/dags/file_mover.py
[2019-10-07 13:06:55,901] {scheduler_job.py:1520} INFO - Processing file /home/sat/Projects/p1/dags/file_mover.py for tasks to queue
[2019-10-07 13:06:55,902] {logging_mixin.py:95} INFO - [2019-10-07 13:06:55,902] {dagbag.py:90} INFO - Filling up the DagBag from /home/sat/Projects/p1/dags/file_mover.py
[2019-10-07 13:06:55,910] {scheduler_job.py:1532} INFO - DAG(s) dict_keys(['file_operations_pipeline']) retrieved from /home/sat/Projects/p1/dags/file_mover.py
[2019-10-07 13:06:55,939] {scheduler_job.py:152} INFO - Processing /home/sat/Projects/p1/dags/file_mover.py took 0.040 seconds
[2019-10-07 13:07:06,002] {logging_mixin.py:95} INFO - [2019-10-07 13:07:06,002] {settings.py:213} INFO - settings.configure_orm(): Using pool settings. pool_size=5, max_overflow=10, pool_recycle=1800, pid=18669
[2019-10-07 13:07:06,005] {scheduler_job.py:146} INFO - Started process (PID=18669) to work on /home/sat/Projects/p1/dags/file_mover.py
[2019-10-07 13:07:06,007] {scheduler_job.py:1520} INFO - Processing file /home/sat/Projects/p1/dags/file_mover.py for tasks to queue
[2019-10-07 13:07:06,008] {logging_mixin.py:95} INFO - [2019-10-07 13:07:06,008] {dagbag.py:90} INFO - Filling up the DagBag from /home/sat/Projects/p1/dags/file_mover.py
[2019-10-07 13:07:06,016] {scheduler_job.py:1532} INFO - DAG(s) dict_keys(['file_operations_pipeline']) retrieved from /home/sat/Projects/p1/dags/file_mover.py
[2019-10-07 13:07:06,043] {scheduler_job.py:152} INFO - Processing /home/sat/Projects/p1/dags/file_mover.py took 0.038 seconds
[2019-10-07 13:07:16,107] {logging_mixin.py:95} INFO - [2019-10-07 13:07:16,107] {settings.py:213} INFO - settings.configure_orm(): Using pool settings. pool_size=5, max_overflow=10, pool_recycle=1800, pid=18693
[2019-10-07 13:07:16,110] {scheduler_job.py:146} INFO - Started process (PID=18693) to work on /home/sat/Projects/p1/dags/file_mover.py
[2019-10-07 13:07:16,113] {scheduler_job.py:1520} INFO - Processing file /home/sat/Projects/p1/dags/file_mover.py for tasks to queue
[2019-10-07 13:07:16,113] {logging_mixin.py:95} INFO - [2019-10-07 13:07:16,113] {dagbag.py:90} INFO - Filling up the DagBag from /home/sat/Projects/p1/dags/file_mover.py
[2019-10-07 13:07:16,122] {scheduler_job.py:1532} INFO - DAG(s) dict_keys(['file_operations_pipeline']) retrieved from /home/sat/Projects/p1/dags/file_mover.py
[2019-10-07 13:07:16,149] {scheduler_job.py:152} INFO - Processing /home/sat/Projects/p1/dags/file_mover.py took 0.039 seconds
[2019-10-07 13:07:26,217] {logging_mixin.py:95} INFO - [2019-10-07 13:07:26,216] {settings.py:213} INFO - settings.configure_orm(): Using pool settings. pool_size=5, max_overflow=10, pool_recycle=1800, pid=18715
[2019-10-07 13:07:26,220] {scheduler_job.py:146} INFO - Started process (PID=18715) to work on /home/sat/Projects/p1/dags/file_mover.py
[2019-10-07 13:07:26,223] {scheduler_job.py:1520} INFO - Processing file /home/sat/Projects/p1/dags/file_mover.py for tasks to queue
[2019-10-07 13:07:26,223] {logging_mixin.py:95} INFO - [2019-10-07 13:07:26,223] {dagbag.py:90} INFO - Filling up the DagBag from /home/sat/Projects/p1/dags/file_mover.py
[2019-10-07 13:07:26,234] {scheduler_job.py:1532} INFO - DAG(s) dict_keys(['file_operations_pipeline']) retrieved from /home/sat/Projects/p1/dags/file_mover.py
[2019-10-07 13:07:26,262] {scheduler_job.py:152} INFO - Processing /home/sat/Projects/p1/dags/file_mover.py took 0.042 seconds
[2019-10-07 13:07:36,326] {logging_mixin.py:95} INFO - [2019-10-07 13:07:36,326] {settings.py:213} INFO - settings.configure_orm(): Using pool settings. pool_size=5, max_overflow=10, pool_recycle=1800, pid=18736
[2019-10-07 13:07:36,329] {scheduler_job.py:146} INFO - Started process (PID=18736) to work on /home/sat/Projects/p1/dags/file_mover.py
[2019-10-07 13:07:36,331] {scheduler_job.py:1520} INFO - Processing file /home/sat/Projects/p1/dags/file_mover.py for tasks to queue
[2019-10-07 13:07:36,332] {logging_mixin.py:95} INFO - [2019-10-07 13:07:36,332] {dagbag.py:90} INFO - Filling up the DagBag from /home/sat/Projects/p1/dags/file_mover.py
[2019-10-07 13:07:36,340] {scheduler_job.py:1532} INFO - DAG(s) dict_keys(['file_operations_pipeline']) retrieved from /home/sat/Projects/p1/dags/file_mover.py
[2019-10-07 13:07:36,368] {scheduler_job.py:152} INFO - Processing /home/sat/Projects/p1/dags/file_mover.py took 0.039 seconds
[2019-10-07 13:07:46,425] {logging_mixin.py:95} INFO - [2019-10-07 13:07:46,425] {settings.py:213} INFO - settings.configure_orm(): Using pool settings. pool_size=5, max_overflow=10, pool_recycle=1800, pid=18764
[2019-10-07 13:07:46,428] {scheduler_job.py:146} INFO - Started process (PID=18764) to work on /home/sat/Projects/p1/dags/file_mover.py
[2019-10-07 13:07:46,431] {scheduler_job.py:1520} INFO - Processing file /home/sat/Projects/p1/dags/file_mover.py for tasks to queue
[2019-10-07 13:07:46,431] {logging_mixin.py:95} INFO - [2019-10-07 13:07:46,431] {dagbag.py:90} INFO - Filling up the DagBag from /home/sat/Projects/p1/dags/file_mover.py
[2019-10-07 13:07:46,440] {scheduler_job.py:1532} INFO - DAG(s) dict_keys(['file_operations_pipeline']) retrieved from /home/sat/Projects/p1/dags/file_mover.py
[2019-10-07 13:07:46,467] {scheduler_job.py:152} INFO - Processing /home/sat/Projects/p1/dags/file_mover.py took 0.039 seconds
[2019-10-07 13:07:56,530] {logging_mixin.py:95} INFO - [2019-10-07 13:07:56,529] {settings.py:213} INFO - settings.configure_orm(): Using pool settings. pool_size=5, max_overflow=10, pool_recycle=1800, pid=18785
[2019-10-07 13:07:56,532] {scheduler_job.py:146} INFO - Started process (PID=18785) to work on /home/sat/Projects/p1/dags/file_mover.py
[2019-10-07 13:07:56,535] {scheduler_job.py:1520} INFO - Processing file /home/sat/Projects/p1/dags/file_mover.py for tasks to queue
[2019-10-07 13:07:56,535] {logging_mixin.py:95} INFO - [2019-10-07 13:07:56,535] {dagbag.py:90} INFO - Filling up the DagBag from /home/sat/Projects/p1/dags/file_mover.py
[2019-10-07 13:07:56,544] {scheduler_job.py:1532} INFO - DAG(s) dict_keys(['file_operations_pipeline']) retrieved from /home/sat/Projects/p1/dags/file_mover.py
[2019-10-07 13:07:56,572] {scheduler_job.py:152} INFO - Processing /home/sat/Projects/p1/dags/file_mover.py took 0.040 seconds
[2019-10-07 13:08:06,634] {logging_mixin.py:95} INFO - [2019-10-07 13:08:06,633] {settings.py:213} INFO - settings.configure_orm(): Using pool settings. pool_size=5, max_overflow=10, pool_recycle=1800, pid=18808
[2019-10-07 13:08:06,636] {scheduler_job.py:146} INFO - Started process (PID=18808) to work on /home/sat/Projects/p1/dags/file_mover.py
[2019-10-07 13:08:06,639] {scheduler_job.py:1520} INFO - Processing file /home/sat/Projects/p1/dags/file_mover.py for tasks to queue
[2019-10-07 13:08:06,639] {logging_mixin.py:95} INFO - [2019-10-07 13:08:06,639] {dagbag.py:90} INFO - Filling up the DagBag from /home/sat/Projects/p1/dags/file_mover.py
[2019-10-07 13:08:06,648] {scheduler_job.py:1532} INFO - DAG(s) dict_keys(['file_operations_pipeline']) retrieved from /home/sat/Projects/p1/dags/file_mover.py
[2019-10-07 13:08:06,675] {scheduler_job.py:152} INFO - Processing /home/sat/Projects/p1/dags/file_mover.py took 0.039 seconds
[2019-10-07 13:08:16,748] {logging_mixin.py:95} INFO - [2019-10-07 13:08:16,748] {settings.py:213} INFO - settings.configure_orm(): Using pool settings. pool_size=5, max_overflow=10, pool_recycle=1800, pid=18833
[2019-10-07 13:08:16,751] {scheduler_job.py:146} INFO - Started process (PID=18833) to work on /home/sat/Projects/p1/dags/file_mover.py
[2019-10-07 13:08:16,754] {scheduler_job.py:1520} INFO - Processing file /home/sat/Projects/p1/dags/file_mover.py for tasks to queue
[2019-10-07 13:08:16,754] {logging_mixin.py:95} INFO - [2019-10-07 13:08:16,754] {dagbag.py:90} INFO - Filling up the DagBag from /home/sat/Projects/p1/dags/file_mover.py
[2019-10-07 13:08:16,763] {scheduler_job.py:1532} INFO - DAG(s) dict_keys(['file_operations_pipeline']) retrieved from /home/sat/Projects/p1/dags/file_mover.py
[2019-10-07 13:08:16,790] {scheduler_job.py:152} INFO - Processing /home/sat/Projects/p1/dags/file_mover.py took 0.039 seconds
[2019-10-07 13:08:26,869] {logging_mixin.py:95} INFO - [2019-10-07 13:08:26,869] {settings.py:213} INFO - settings.configure_orm(): Using pool settings. pool_size=5, max_overflow=10, pool_recycle=1800, pid=18856
[2019-10-07 13:08:26,875] {scheduler_job.py:146} INFO - Started process (PID=18856) to work on /home/sat/Projects/p1/dags/file_mover.py
[2019-10-07 13:08:26,881] {scheduler_job.py:1520} INFO - Processing file /home/sat/Projects/p1/dags/file_mover.py for tasks to queue
[2019-10-07 13:08:26,882] {logging_mixin.py:95} INFO - [2019-10-07 13:08:26,882] {dagbag.py:90} INFO - Filling up the DagBag from /home/sat/Projects/p1/dags/file_mover.py
[2019-10-07 13:08:26,901] {scheduler_job.py:1532} INFO - DAG(s) dict_keys(['file_operations_pipeline']) retrieved from /home/sat/Projects/p1/dags/file_mover.py
[2019-10-07 13:08:26,967] {scheduler_job.py:152} INFO - Processing /home/sat/Projects/p1/dags/file_mover.py took 0.092 seconds
[2019-10-07 13:08:36,975] {logging_mixin.py:95} INFO - [2019-10-07 13:08:36,974] {settings.py:213} INFO - settings.configure_orm(): Using pool settings. pool_size=5, max_overflow=10, pool_recycle=1800, pid=18877
[2019-10-07 13:08:36,977] {scheduler_job.py:146} INFO - Started process (PID=18877) to work on /home/sat/Projects/p1/dags/file_mover.py
[2019-10-07 13:08:36,980] {scheduler_job.py:1520} INFO - Processing file /home/sat/Projects/p1/dags/file_mover.py for tasks to queue
[2019-10-07 13:08:36,980] {logging_mixin.py:95} INFO - [2019-10-07 13:08:36,980] {dagbag.py:90} INFO - Filling up the DagBag from /home/sat/Projects/p1/dags/file_mover.py
[2019-10-07 13:08:36,988] {scheduler_job.py:1532} INFO - DAG(s) dict_keys(['file_operations_pipeline']) retrieved from /home/sat/Projects/p1/dags/file_mover.py
[2019-10-07 13:08:37,014] {scheduler_job.py:152} INFO - Processing /home/sat/Projects/p1/dags/file_mover.py took 0.037 seconds
[2019-10-07 13:08:47,090] {logging_mixin.py:95} INFO - [2019-10-07 13:08:47,090] {settings.py:213} INFO - settings.configure_orm(): Using pool settings. pool_size=5, max_overflow=10, pool_recycle=1800, pid=18904
[2019-10-07 13:08:47,092] {scheduler_job.py:146} INFO - Started process (PID=18904) to work on /home/sat/Projects/p1/dags/file_mover.py
[2019-10-07 13:08:47,095] {scheduler_job.py:1520} INFO - Processing file /home/sat/Projects/p1/dags/file_mover.py for tasks to queue
[2019-10-07 13:08:47,095] {logging_mixin.py:95} INFO - [2019-10-07 13:08:47,095] {dagbag.py:90} INFO - Filling up the DagBag from /home/sat/Projects/p1/dags/file_mover.py
[2019-10-07 13:08:47,103] {scheduler_job.py:1532} INFO - DAG(s) dict_keys(['file_operations_pipeline']) retrieved from /home/sat/Projects/p1/dags/file_mover.py
[2019-10-07 13:08:47,132] {scheduler_job.py:152} INFO - Processing /home/sat/Projects/p1/dags/file_mover.py took 0.039 seconds
[2019-10-07 13:08:57,196] {logging_mixin.py:95} INFO - [2019-10-07 13:08:57,196] {settings.py:213} INFO - settings.configure_orm(): Using pool settings. pool_size=5, max_overflow=10, pool_recycle=1800, pid=18924
[2019-10-07 13:08:57,199] {scheduler_job.py:146} INFO - Started process (PID=18924) to work on /home/sat/Projects/p1/dags/file_mover.py
[2019-10-07 13:08:57,201] {scheduler_job.py:1520} INFO - Processing file /home/sat/Projects/p1/dags/file_mover.py for tasks to queue
[2019-10-07 13:08:57,202] {logging_mixin.py:95} INFO - [2019-10-07 13:08:57,202] {dagbag.py:90} INFO - Filling up the DagBag from /home/sat/Projects/p1/dags/file_mover.py
[2019-10-07 13:08:57,210] {scheduler_job.py:1532} INFO - DAG(s) dict_keys(['file_operations_pipeline']) retrieved from /home/sat/Projects/p1/dags/file_mover.py
[2019-10-07 13:08:57,236] {scheduler_job.py:152} INFO - Processing /home/sat/Projects/p1/dags/file_mover.py took 0.037 seconds
[2019-10-07 13:09:07,314] {logging_mixin.py:95} INFO - [2019-10-07 13:09:07,313] {settings.py:213} INFO - settings.configure_orm(): Using pool settings. pool_size=5, max_overflow=10, pool_recycle=1800, pid=18949
[2019-10-07 13:09:07,316] {scheduler_job.py:146} INFO - Started process (PID=18949) to work on /home/sat/Projects/p1/dags/file_mover.py
[2019-10-07 13:09:07,319] {scheduler_job.py:1520} INFO - Processing file /home/sat/Projects/p1/dags/file_mover.py for tasks to queue
[2019-10-07 13:09:07,319] {logging_mixin.py:95} INFO - [2019-10-07 13:09:07,319] {dagbag.py:90} INFO - Filling up the DagBag from /home/sat/Projects/p1/dags/file_mover.py
[2019-10-07 13:09:07,327] {scheduler_job.py:1532} INFO - DAG(s) dict_keys(['file_operations_pipeline']) retrieved from /home/sat/Projects/p1/dags/file_mover.py
[2019-10-07 13:09:07,354] {scheduler_job.py:152} INFO - Processing /home/sat/Projects/p1/dags/file_mover.py took 0.037 seconds
[2019-10-07 13:09:17,434] {logging_mixin.py:95} INFO - [2019-10-07 13:09:17,433] {settings.py:213} INFO - settings.configure_orm(): Using pool settings. pool_size=5, max_overflow=10, pool_recycle=1800, pid=18970
[2019-10-07 13:09:17,436] {scheduler_job.py:146} INFO - Started process (PID=18970) to work on /home/sat/Projects/p1/dags/file_mover.py
[2019-10-07 13:09:17,439] {scheduler_job.py:1520} INFO - Processing file /home/sat/Projects/p1/dags/file_mover.py for tasks to queue
[2019-10-07 13:09:17,439] {logging_mixin.py:95} INFO - [2019-10-07 13:09:17,439] {dagbag.py:90} INFO - Filling up the DagBag from /home/sat/Projects/p1/dags/file_mover.py
[2019-10-07 13:09:17,448] {scheduler_job.py:1532} INFO - DAG(s) dict_keys(['file_operations_pipeline']) retrieved from /home/sat/Projects/p1/dags/file_mover.py
[2019-10-07 13:09:17,481] {scheduler_job.py:152} INFO - Processing /home/sat/Projects/p1/dags/file_mover.py took 0.045 seconds
[2019-10-07 13:09:27,589] {logging_mixin.py:95} INFO - [2019-10-07 13:09:27,589] {settings.py:213} INFO - settings.configure_orm(): Using pool settings. pool_size=5, max_overflow=10, pool_recycle=1800, pid=18996
[2019-10-07 13:09:27,593] {scheduler_job.py:146} INFO - Started process (PID=18996) to work on /home/sat/Projects/p1/dags/file_mover.py
[2019-10-07 13:09:27,597] {scheduler_job.py:1520} INFO - Processing file /home/sat/Projects/p1/dags/file_mover.py for tasks to queue
[2019-10-07 13:09:27,597] {logging_mixin.py:95} INFO - [2019-10-07 13:09:27,597] {dagbag.py:90} INFO - Filling up the DagBag from /home/sat/Projects/p1/dags/file_mover.py
[2019-10-07 13:09:27,606] {scheduler_job.py:1532} INFO - DAG(s) dict_keys(['file_operations_pipeline']) retrieved from /home/sat/Projects/p1/dags/file_mover.py
[2019-10-07 13:09:27,634] {scheduler_job.py:152} INFO - Processing /home/sat/Projects/p1/dags/file_mover.py took 0.041 seconds
[2019-10-07 13:09:37,726] {logging_mixin.py:95} INFO - [2019-10-07 13:09:37,725] {settings.py:213} INFO - settings.configure_orm(): Using pool settings. pool_size=5, max_overflow=10, pool_recycle=1800, pid=19017
[2019-10-07 13:09:37,732] {scheduler_job.py:146} INFO - Started process (PID=19017) to work on /home/sat/Projects/p1/dags/file_mover.py
[2019-10-07 13:09:37,739] {scheduler_job.py:1520} INFO - Processing file /home/sat/Projects/p1/dags/file_mover.py for tasks to queue
[2019-10-07 13:09:37,740] {logging_mixin.py:95} INFO - [2019-10-07 13:09:37,740] {dagbag.py:90} INFO - Filling up the DagBag from /home/sat/Projects/p1/dags/file_mover.py
[2019-10-07 13:09:37,758] {scheduler_job.py:1532} INFO - DAG(s) dict_keys(['file_operations_pipeline']) retrieved from /home/sat/Projects/p1/dags/file_mover.py
[2019-10-07 13:09:37,816] {scheduler_job.py:152} INFO - Processing /home/sat/Projects/p1/dags/file_mover.py took 0.084 seconds
[2019-10-07 13:09:47,844] {logging_mixin.py:95} INFO - [2019-10-07 13:09:47,844] {settings.py:213} INFO - settings.configure_orm(): Using pool settings. pool_size=5, max_overflow=10, pool_recycle=1800, pid=19039
[2019-10-07 13:09:47,847] {scheduler_job.py:146} INFO - Started process (PID=19039) to work on /home/sat/Projects/p1/dags/file_mover.py
[2019-10-07 13:09:47,850] {scheduler_job.py:1520} INFO - Processing file /home/sat/Projects/p1/dags/file_mover.py for tasks to queue
[2019-10-07 13:09:47,850] {logging_mixin.py:95} INFO - [2019-10-07 13:09:47,850] {dagbag.py:90} INFO - Filling up the DagBag from /home/sat/Projects/p1/dags/file_mover.py
[2019-10-07 13:09:47,859] {scheduler_job.py:1532} INFO - DAG(s) dict_keys(['file_operations_pipeline']) retrieved from /home/sat/Projects/p1/dags/file_mover.py
[2019-10-07 13:09:47,887] {scheduler_job.py:152} INFO - Processing /home/sat/Projects/p1/dags/file_mover.py took 0.040 seconds
[2019-10-07 13:09:57,961] {logging_mixin.py:95} INFO - [2019-10-07 13:09:57,960] {settings.py:213} INFO - settings.configure_orm(): Using pool settings. pool_size=5, max_overflow=10, pool_recycle=1800, pid=19064
[2019-10-07 13:09:57,963] {scheduler_job.py:146} INFO - Started process (PID=19064) to work on /home/sat/Projects/p1/dags/file_mover.py
[2019-10-07 13:09:57,966] {scheduler_job.py:1520} INFO - Processing file /home/sat/Projects/p1/dags/file_mover.py for tasks to queue
[2019-10-07 13:09:57,966] {logging_mixin.py:95} INFO - [2019-10-07 13:09:57,966] {dagbag.py:90} INFO - Filling up the DagBag from /home/sat/Projects/p1/dags/file_mover.py
[2019-10-07 13:09:57,974] {scheduler_job.py:1532} INFO - DAG(s) dict_keys(['file_operations_pipeline']) retrieved from /home/sat/Projects/p1/dags/file_mover.py
[2019-10-07 13:09:58,000] {scheduler_job.py:152} INFO - Processing /home/sat/Projects/p1/dags/file_mover.py took 0.037 seconds
[2019-10-07 13:10:08,070] {logging_mixin.py:95} INFO - [2019-10-07 13:10:08,069] {settings.py:213} INFO - settings.configure_orm(): Using pool settings. pool_size=5, max_overflow=10, pool_recycle=1800, pid=19087
[2019-10-07 13:10:08,075] {scheduler_job.py:146} INFO - Started process (PID=19087) to work on /home/sat/Projects/p1/dags/file_mover.py
[2019-10-07 13:10:08,079] {scheduler_job.py:1520} INFO - Processing file /home/sat/Projects/p1/dags/file_mover.py for tasks to queue
[2019-10-07 13:10:08,080] {logging_mixin.py:95} INFO - [2019-10-07 13:10:08,080] {dagbag.py:90} INFO - Filling up the DagBag from /home/sat/Projects/p1/dags/file_mover.py
[2019-10-07 13:10:08,090] {scheduler_job.py:1532} INFO - DAG(s) dict_keys(['file_operations_pipeline']) retrieved from /home/sat/Projects/p1/dags/file_mover.py
[2019-10-07 13:10:08,119] {scheduler_job.py:152} INFO - Processing /home/sat/Projects/p1/dags/file_mover.py took 0.044 seconds
[2019-10-07 13:10:18,218] {logging_mixin.py:95} INFO - [2019-10-07 13:10:18,218] {settings.py:213} INFO - settings.configure_orm(): Using pool settings. pool_size=5, max_overflow=10, pool_recycle=1800, pid=19134
[2019-10-07 13:10:18,227] {scheduler_job.py:146} INFO - Started process (PID=19134) to work on /home/sat/Projects/p1/dags/file_mover.py
[2019-10-07 13:10:18,236] {scheduler_job.py:1520} INFO - Processing file /home/sat/Projects/p1/dags/file_mover.py for tasks to queue
[2019-10-07 13:10:18,237] {logging_mixin.py:95} INFO - [2019-10-07 13:10:18,236] {dagbag.py:90} INFO - Filling up the DagBag from /home/sat/Projects/p1/dags/file_mover.py
[2019-10-07 13:10:18,261] {scheduler_job.py:1532} INFO - DAG(s) dict_keys(['file_operations_pipeline']) retrieved from /home/sat/Projects/p1/dags/file_mover.py
[2019-10-07 13:10:18,339] {scheduler_job.py:152} INFO - Processing /home/sat/Projects/p1/dags/file_mover.py took 0.112 seconds
[2019-10-07 13:10:28,396] {logging_mixin.py:95} INFO - [2019-10-07 13:10:28,395] {settings.py:213} INFO - settings.configure_orm(): Using pool settings. pool_size=5, max_overflow=10, pool_recycle=1800, pid=19174
[2019-10-07 13:10:28,407] {scheduler_job.py:146} INFO - Started process (PID=19174) to work on /home/sat/Projects/p1/dags/file_mover.py
[2019-10-07 13:10:28,418] {scheduler_job.py:1520} INFO - Processing file /home/sat/Projects/p1/dags/file_mover.py for tasks to queue
[2019-10-07 13:10:28,420] {logging_mixin.py:95} INFO - [2019-10-07 13:10:28,419] {dagbag.py:90} INFO - Filling up the DagBag from /home/sat/Projects/p1/dags/file_mover.py
[2019-10-07 13:10:28,445] {scheduler_job.py:1532} INFO - DAG(s) dict_keys(['file_operations_pipeline']) retrieved from /home/sat/Projects/p1/dags/file_mover.py
[2019-10-07 13:10:28,509] {scheduler_job.py:152} INFO - Processing /home/sat/Projects/p1/dags/file_mover.py took 0.102 seconds
[2019-10-07 13:10:38,574] {logging_mixin.py:95} INFO - [2019-10-07 13:10:38,573] {settings.py:213} INFO - settings.configure_orm(): Using pool settings. pool_size=5, max_overflow=10, pool_recycle=1800, pid=19196
[2019-10-07 13:10:38,589] {scheduler_job.py:146} INFO - Started process (PID=19196) to work on /home/sat/Projects/p1/dags/file_mover.py
[2019-10-07 13:10:38,602] {scheduler_job.py:1520} INFO - Processing file /home/sat/Projects/p1/dags/file_mover.py for tasks to queue
[2019-10-07 13:10:38,603] {logging_mixin.py:95} INFO - [2019-10-07 13:10:38,603] {dagbag.py:90} INFO - Filling up the DagBag from /home/sat/Projects/p1/dags/file_mover.py
[2019-10-07 13:10:38,634] {scheduler_job.py:1532} INFO - DAG(s) dict_keys(['file_operations_pipeline']) retrieved from /home/sat/Projects/p1/dags/file_mover.py
[2019-10-07 13:10:38,691] {scheduler_job.py:152} INFO - Processing /home/sat/Projects/p1/dags/file_mover.py took 0.103 seconds
[2019-10-07 13:10:48,749] {logging_mixin.py:95} INFO - [2019-10-07 13:10:48,749] {settings.py:213} INFO - settings.configure_orm(): Using pool settings. pool_size=5, max_overflow=10, pool_recycle=1800, pid=19241
[2019-10-07 13:10:48,756] {scheduler_job.py:146} INFO - Started process (PID=19241) to work on /home/sat/Projects/p1/dags/file_mover.py
[2019-10-07 13:10:48,761] {scheduler_job.py:1520} INFO - Processing file /home/sat/Projects/p1/dags/file_mover.py for tasks to queue
[2019-10-07 13:10:48,762] {logging_mixin.py:95} INFO - [2019-10-07 13:10:48,762] {dagbag.py:90} INFO - Filling up the DagBag from /home/sat/Projects/p1/dags/file_mover.py
[2019-10-07 13:10:48,773] {scheduler_job.py:1532} INFO - DAG(s) dict_keys(['file_operations_pipeline']) retrieved from /home/sat/Projects/p1/dags/file_mover.py
[2019-10-07 13:10:48,804] {scheduler_job.py:152} INFO - Processing /home/sat/Projects/p1/dags/file_mover.py took 0.048 seconds
[2019-10-07 13:10:59,137] {logging_mixin.py:95} INFO - [2019-10-07 13:10:59,137] {settings.py:213} INFO - settings.configure_orm(): Using pool settings. pool_size=5, max_overflow=10, pool_recycle=1800, pid=19267
[2019-10-07 13:10:59,140] {scheduler_job.py:146} INFO - Started process (PID=19267) to work on /home/sat/Projects/p1/dags/file_mover.py
[2019-10-07 13:10:59,143] {scheduler_job.py:1520} INFO - Processing file /home/sat/Projects/p1/dags/file_mover.py for tasks to queue
[2019-10-07 13:10:59,143] {logging_mixin.py:95} INFO - [2019-10-07 13:10:59,143] {dagbag.py:90} INFO - Filling up the DagBag from /home/sat/Projects/p1/dags/file_mover.py
[2019-10-07 13:10:59,154] {scheduler_job.py:1532} INFO - DAG(s) dict_keys(['file_operations_pipeline']) retrieved from /home/sat/Projects/p1/dags/file_mover.py
[2019-10-07 13:10:59,326] {scheduler_job.py:152} INFO - Processing /home/sat/Projects/p1/dags/file_mover.py took 0.185 seconds
[2019-10-07 13:11:09,241] {logging_mixin.py:95} INFO - [2019-10-07 13:11:09,241] {settings.py:213} INFO - settings.configure_orm(): Using pool settings. pool_size=5, max_overflow=10, pool_recycle=1800, pid=19288
[2019-10-07 13:11:09,244] {scheduler_job.py:146} INFO - Started process (PID=19288) to work on /home/sat/Projects/p1/dags/file_mover.py
[2019-10-07 13:11:09,246] {scheduler_job.py:1520} INFO - Processing file /home/sat/Projects/p1/dags/file_mover.py for tasks to queue
[2019-10-07 13:11:09,247] {logging_mixin.py:95} INFO - [2019-10-07 13:11:09,247] {dagbag.py:90} INFO - Filling up the DagBag from /home/sat/Projects/p1/dags/file_mover.py
[2019-10-07 13:11:09,255] {scheduler_job.py:1532} INFO - DAG(s) dict_keys(['file_operations_pipeline']) retrieved from /home/sat/Projects/p1/dags/file_mover.py
[2019-10-07 13:11:09,282] {scheduler_job.py:152} INFO - Processing /home/sat/Projects/p1/dags/file_mover.py took 0.038 seconds
[2019-10-07 13:11:19,342] {logging_mixin.py:95} INFO - [2019-10-07 13:11:19,342] {settings.py:213} INFO - settings.configure_orm(): Using pool settings. pool_size=5, max_overflow=10, pool_recycle=1800, pid=19310
[2019-10-07 13:11:19,345] {scheduler_job.py:146} INFO - Started process (PID=19310) to work on /home/sat/Projects/p1/dags/file_mover.py
[2019-10-07 13:11:19,347] {scheduler_job.py:1520} INFO - Processing file /home/sat/Projects/p1/dags/file_mover.py for tasks to queue
[2019-10-07 13:11:19,347] {logging_mixin.py:95} INFO - [2019-10-07 13:11:19,347] {dagbag.py:90} INFO - Filling up the DagBag from /home/sat/Projects/p1/dags/file_mover.py
[2019-10-07 13:11:19,356] {scheduler_job.py:1532} INFO - DAG(s) dict_keys(['file_operations_pipeline']) retrieved from /home/sat/Projects/p1/dags/file_mover.py
[2019-10-07 13:11:19,383] {scheduler_job.py:152} INFO - Processing /home/sat/Projects/p1/dags/file_mover.py took 0.039 seconds
[2019-10-07 13:11:29,442] {logging_mixin.py:95} INFO - [2019-10-07 13:11:29,442] {settings.py:213} INFO - settings.configure_orm(): Using pool settings. pool_size=5, max_overflow=10, pool_recycle=1800, pid=19338
[2019-10-07 13:11:29,445] {scheduler_job.py:146} INFO - Started process (PID=19338) to work on /home/sat/Projects/p1/dags/file_mover.py
[2019-10-07 13:11:29,447] {scheduler_job.py:1520} INFO - Processing file /home/sat/Projects/p1/dags/file_mover.py for tasks to queue
[2019-10-07 13:11:29,447] {logging_mixin.py:95} INFO - [2019-10-07 13:11:29,447] {dagbag.py:90} INFO - Filling up the DagBag from /home/sat/Projects/p1/dags/file_mover.py
[2019-10-07 13:11:29,456] {scheduler_job.py:1532} INFO - DAG(s) dict_keys(['file_operations_pipeline']) retrieved from /home/sat/Projects/p1/dags/file_mover.py
[2019-10-07 13:11:29,484] {scheduler_job.py:152} INFO - Processing /home/sat/Projects/p1/dags/file_mover.py took 0.040 seconds
[2019-10-07 13:11:39,549] {logging_mixin.py:95} INFO - [2019-10-07 13:11:39,548] {settings.py:213} INFO - settings.configure_orm(): Using pool settings. pool_size=5, max_overflow=10, pool_recycle=1800, pid=19361
[2019-10-07 13:11:39,551] {scheduler_job.py:146} INFO - Started process (PID=19361) to work on /home/sat/Projects/p1/dags/file_mover.py
[2019-10-07 13:11:39,553] {scheduler_job.py:1520} INFO - Processing file /home/sat/Projects/p1/dags/file_mover.py for tasks to queue
[2019-10-07 13:11:39,554] {logging_mixin.py:95} INFO - [2019-10-07 13:11:39,554] {dagbag.py:90} INFO - Filling up the DagBag from /home/sat/Projects/p1/dags/file_mover.py
[2019-10-07 13:11:39,562] {scheduler_job.py:1532} INFO - DAG(s) dict_keys(['file_operations_pipeline']) retrieved from /home/sat/Projects/p1/dags/file_mover.py
[2019-10-07 13:11:39,596] {scheduler_job.py:152} INFO - Processing /home/sat/Projects/p1/dags/file_mover.py took 0.045 seconds
[2019-10-07 13:11:49,660] {logging_mixin.py:95} INFO - [2019-10-07 13:11:49,659] {settings.py:213} INFO - settings.configure_orm(): Using pool settings. pool_size=5, max_overflow=10, pool_recycle=1800, pid=19383
[2019-10-07 13:11:49,666] {scheduler_job.py:146} INFO - Started process (PID=19383) to work on /home/sat/Projects/p1/dags/file_mover.py
[2019-10-07 13:11:49,670] {scheduler_job.py:1520} INFO - Processing file /home/sat/Projects/p1/dags/file_mover.py for tasks to queue
[2019-10-07 13:11:49,671] {logging_mixin.py:95} INFO - [2019-10-07 13:11:49,671] {dagbag.py:90} INFO - Filling up the DagBag from /home/sat/Projects/p1/dags/file_mover.py
[2019-10-07 13:11:49,690] {scheduler_job.py:1532} INFO - DAG(s) dict_keys(['file_operations_pipeline']) retrieved from /home/sat/Projects/p1/dags/file_mover.py
[2019-10-07 13:11:49,746] {scheduler_job.py:152} INFO - Processing /home/sat/Projects/p1/dags/file_mover.py took 0.081 seconds
[2019-10-07 13:11:59,767] {logging_mixin.py:95} INFO - [2019-10-07 13:11:59,766] {settings.py:213} INFO - settings.configure_orm(): Using pool settings. pool_size=5, max_overflow=10, pool_recycle=1800, pid=19409
[2019-10-07 13:11:59,769] {scheduler_job.py:146} INFO - Started process (PID=19409) to work on /home/sat/Projects/p1/dags/file_mover.py
[2019-10-07 13:11:59,771] {scheduler_job.py:1520} INFO - Processing file /home/sat/Projects/p1/dags/file_mover.py for tasks to queue
[2019-10-07 13:11:59,772] {logging_mixin.py:95} INFO - [2019-10-07 13:11:59,772] {dagbag.py:90} INFO - Filling up the DagBag from /home/sat/Projects/p1/dags/file_mover.py
[2019-10-07 13:11:59,780] {scheduler_job.py:1532} INFO - DAG(s) dict_keys(['file_operations_pipeline']) retrieved from /home/sat/Projects/p1/dags/file_mover.py
[2019-10-07 13:11:59,812] {scheduler_job.py:152} INFO - Processing /home/sat/Projects/p1/dags/file_mover.py took 0.043 seconds
[2019-10-07 13:12:09,874] {logging_mixin.py:95} INFO - [2019-10-07 13:12:09,873] {settings.py:213} INFO - settings.configure_orm(): Using pool settings. pool_size=5, max_overflow=10, pool_recycle=1800, pid=19430
[2019-10-07 13:12:09,876] {scheduler_job.py:146} INFO - Started process (PID=19430) to work on /home/sat/Projects/p1/dags/file_mover.py
[2019-10-07 13:12:09,878] {scheduler_job.py:1520} INFO - Processing file /home/sat/Projects/p1/dags/file_mover.py for tasks to queue
[2019-10-07 13:12:09,879] {logging_mixin.py:95} INFO - [2019-10-07 13:12:09,879] {dagbag.py:90} INFO - Filling up the DagBag from /home/sat/Projects/p1/dags/file_mover.py
[2019-10-07 13:12:09,887] {scheduler_job.py:1532} INFO - DAG(s) dict_keys(['file_operations_pipeline']) retrieved from /home/sat/Projects/p1/dags/file_mover.py
[2019-10-07 13:12:09,925] {scheduler_job.py:152} INFO - Processing /home/sat/Projects/p1/dags/file_mover.py took 0.049 seconds
[2019-10-07 13:12:19,991] {logging_mixin.py:95} INFO - [2019-10-07 13:12:19,990] {settings.py:213} INFO - settings.configure_orm(): Using pool settings. pool_size=5, max_overflow=10, pool_recycle=1800, pid=19451
[2019-10-07 13:12:19,996] {scheduler_job.py:146} INFO - Started process (PID=19451) to work on /home/sat/Projects/p1/dags/file_mover.py
[2019-10-07 13:12:20,001] {scheduler_job.py:1520} INFO - Processing file /home/sat/Projects/p1/dags/file_mover.py for tasks to queue
[2019-10-07 13:12:20,002] {logging_mixin.py:95} INFO - [2019-10-07 13:12:20,002] {dagbag.py:90} INFO - Filling up the DagBag from /home/sat/Projects/p1/dags/file_mover.py
[2019-10-07 13:12:20,021] {scheduler_job.py:1532} INFO - DAG(s) dict_keys(['file_operations_pipeline']) retrieved from /home/sat/Projects/p1/dags/file_mover.py
[2019-10-07 13:12:20,085] {scheduler_job.py:152} INFO - Processing /home/sat/Projects/p1/dags/file_mover.py took 0.089 seconds
[2019-10-07 13:12:30,095] {logging_mixin.py:95} INFO - [2019-10-07 13:12:30,095] {settings.py:213} INFO - settings.configure_orm(): Using pool settings. pool_size=5, max_overflow=10, pool_recycle=1800, pid=19479
[2019-10-07 13:12:30,097] {scheduler_job.py:146} INFO - Started process (PID=19479) to work on /home/sat/Projects/p1/dags/file_mover.py
[2019-10-07 13:12:30,100] {scheduler_job.py:1520} INFO - Processing file /home/sat/Projects/p1/dags/file_mover.py for tasks to queue
[2019-10-07 13:12:30,100] {logging_mixin.py:95} INFO - [2019-10-07 13:12:30,100] {dagbag.py:90} INFO - Filling up the DagBag from /home/sat/Projects/p1/dags/file_mover.py
[2019-10-07 13:12:30,108] {scheduler_job.py:1532} INFO - DAG(s) dict_keys(['file_operations_pipeline']) retrieved from /home/sat/Projects/p1/dags/file_mover.py
[2019-10-07 13:12:30,137] {scheduler_job.py:152} INFO - Processing /home/sat/Projects/p1/dags/file_mover.py took 0.040 seconds
[2019-10-07 13:12:40,198] {logging_mixin.py:95} INFO - [2019-10-07 13:12:40,198] {settings.py:213} INFO - settings.configure_orm(): Using pool settings. pool_size=5, max_overflow=10, pool_recycle=1800, pid=19502
[2019-10-07 13:12:40,201] {scheduler_job.py:146} INFO - Started process (PID=19502) to work on /home/sat/Projects/p1/dags/file_mover.py
[2019-10-07 13:12:40,203] {scheduler_job.py:1520} INFO - Processing file /home/sat/Projects/p1/dags/file_mover.py for tasks to queue
[2019-10-07 13:12:40,203] {logging_mixin.py:95} INFO - [2019-10-07 13:12:40,203] {dagbag.py:90} INFO - Filling up the DagBag from /home/sat/Projects/p1/dags/file_mover.py
[2019-10-07 13:12:40,212] {scheduler_job.py:1532} INFO - DAG(s) dict_keys(['file_operations_pipeline']) retrieved from /home/sat/Projects/p1/dags/file_mover.py
[2019-10-07 13:12:40,241] {scheduler_job.py:152} INFO - Processing /home/sat/Projects/p1/dags/file_mover.py took 0.040 seconds
[2019-10-07 13:12:50,297] {logging_mixin.py:95} INFO - [2019-10-07 13:12:50,297] {settings.py:213} INFO - settings.configure_orm(): Using pool settings. pool_size=5, max_overflow=10, pool_recycle=1800, pid=19525
[2019-10-07 13:12:50,300] {scheduler_job.py:146} INFO - Started process (PID=19525) to work on /home/sat/Projects/p1/dags/file_mover.py
[2019-10-07 13:12:50,302] {scheduler_job.py:1520} INFO - Processing file /home/sat/Projects/p1/dags/file_mover.py for tasks to queue
[2019-10-07 13:12:50,302] {logging_mixin.py:95} INFO - [2019-10-07 13:12:50,302] {dagbag.py:90} INFO - Filling up the DagBag from /home/sat/Projects/p1/dags/file_mover.py
[2019-10-07 13:12:50,310] {scheduler_job.py:1532} INFO - DAG(s) dict_keys(['file_operations_pipeline']) retrieved from /home/sat/Projects/p1/dags/file_mover.py
[2019-10-07 13:12:50,340] {scheduler_job.py:152} INFO - Processing /home/sat/Projects/p1/dags/file_mover.py took 0.041 seconds
[2019-10-07 13:13:00,399] {logging_mixin.py:95} INFO - [2019-10-07 13:13:00,399] {settings.py:213} INFO - settings.configure_orm(): Using pool settings. pool_size=5, max_overflow=10, pool_recycle=1800, pid=19550
[2019-10-07 13:13:00,404] {scheduler_job.py:146} INFO - Started process (PID=19550) to work on /home/sat/Projects/p1/dags/file_mover.py
[2019-10-07 13:13:00,407] {scheduler_job.py:1520} INFO - Processing file /home/sat/Projects/p1/dags/file_mover.py for tasks to queue
[2019-10-07 13:13:00,407] {logging_mixin.py:95} INFO - [2019-10-07 13:13:00,407] {dagbag.py:90} INFO - Filling up the DagBag from /home/sat/Projects/p1/dags/file_mover.py
[2019-10-07 13:13:00,417] {scheduler_job.py:1532} INFO - DAG(s) dict_keys(['file_operations_pipeline']) retrieved from /home/sat/Projects/p1/dags/file_mover.py
[2019-10-07 13:13:00,461] {scheduler_job.py:152} INFO - Processing /home/sat/Projects/p1/dags/file_mover.py took 0.057 seconds
[2019-10-07 13:13:10,497] {logging_mixin.py:95} INFO - [2019-10-07 13:13:10,496] {settings.py:213} INFO - settings.configure_orm(): Using pool settings. pool_size=5, max_overflow=10, pool_recycle=1800, pid=19572
[2019-10-07 13:13:10,499] {scheduler_job.py:146} INFO - Started process (PID=19572) to work on /home/sat/Projects/p1/dags/file_mover.py
[2019-10-07 13:13:10,501] {scheduler_job.py:1520} INFO - Processing file /home/sat/Projects/p1/dags/file_mover.py for tasks to queue
[2019-10-07 13:13:10,501] {logging_mixin.py:95} INFO - [2019-10-07 13:13:10,501] {dagbag.py:90} INFO - Filling up the DagBag from /home/sat/Projects/p1/dags/file_mover.py
[2019-10-07 13:13:10,510] {scheduler_job.py:1532} INFO - DAG(s) dict_keys(['file_operations_pipeline']) retrieved from /home/sat/Projects/p1/dags/file_mover.py
[2019-10-07 13:13:10,545] {scheduler_job.py:152} INFO - Processing /home/sat/Projects/p1/dags/file_mover.py took 0.045 seconds
[2019-10-07 13:13:20,596] {logging_mixin.py:95} INFO - [2019-10-07 13:13:20,595] {settings.py:213} INFO - settings.configure_orm(): Using pool settings. pool_size=5, max_overflow=10, pool_recycle=1800, pid=19595
[2019-10-07 13:13:20,599] {scheduler_job.py:146} INFO - Started process (PID=19595) to work on /home/sat/Projects/p1/dags/file_mover.py
[2019-10-07 13:13:20,601] {scheduler_job.py:1520} INFO - Processing file /home/sat/Projects/p1/dags/file_mover.py for tasks to queue
[2019-10-07 13:13:20,602] {logging_mixin.py:95} INFO - [2019-10-07 13:13:20,602] {dagbag.py:90} INFO - Filling up the DagBag from /home/sat/Projects/p1/dags/file_mover.py
[2019-10-07 13:13:20,615] {scheduler_job.py:1532} INFO - DAG(s) dict_keys(['file_operations_pipeline']) retrieved from /home/sat/Projects/p1/dags/file_mover.py
[2019-10-07 13:13:20,676] {scheduler_job.py:152} INFO - Processing /home/sat/Projects/p1/dags/file_mover.py took 0.077 seconds
[2019-10-07 13:13:30,720] {logging_mixin.py:95} INFO - [2019-10-07 13:13:30,719] {settings.py:213} INFO - settings.configure_orm(): Using pool settings. pool_size=5, max_overflow=10, pool_recycle=1800, pid=19619
[2019-10-07 13:13:30,727] {scheduler_job.py:146} INFO - Started process (PID=19619) to work on /home/sat/Projects/p1/dags/file_mover.py
[2019-10-07 13:13:30,733] {scheduler_job.py:1520} INFO - Processing file /home/sat/Projects/p1/dags/file_mover.py for tasks to queue
[2019-10-07 13:13:30,734] {logging_mixin.py:95} INFO - [2019-10-07 13:13:30,734] {dagbag.py:90} INFO - Filling up the DagBag from /home/sat/Projects/p1/dags/file_mover.py
[2019-10-07 13:13:30,760] {scheduler_job.py:1532} INFO - DAG(s) dict_keys(['file_operations_pipeline']) retrieved from /home/sat/Projects/p1/dags/file_mover.py
[2019-10-07 13:13:30,813] {scheduler_job.py:152} INFO - Processing /home/sat/Projects/p1/dags/file_mover.py took 0.086 seconds
[2019-10-07 13:13:40,825] {logging_mixin.py:95} INFO - [2019-10-07 13:13:40,824] {settings.py:213} INFO - settings.configure_orm(): Using pool settings. pool_size=5, max_overflow=10, pool_recycle=1800, pid=19643
[2019-10-07 13:13:40,827] {scheduler_job.py:146} INFO - Started process (PID=19643) to work on /home/sat/Projects/p1/dags/file_mover.py
[2019-10-07 13:13:40,829] {scheduler_job.py:1520} INFO - Processing file /home/sat/Projects/p1/dags/file_mover.py for tasks to queue
[2019-10-07 13:13:40,829] {logging_mixin.py:95} INFO - [2019-10-07 13:13:40,829] {dagbag.py:90} INFO - Filling up the DagBag from /home/sat/Projects/p1/dags/file_mover.py
[2019-10-07 13:13:40,838] {scheduler_job.py:1532} INFO - DAG(s) dict_keys(['file_operations_pipeline']) retrieved from /home/sat/Projects/p1/dags/file_mover.py
[2019-10-07 13:13:40,868] {scheduler_job.py:152} INFO - Processing /home/sat/Projects/p1/dags/file_mover.py took 0.041 seconds
[2019-10-07 13:13:50,943] {logging_mixin.py:95} INFO - [2019-10-07 13:13:50,943] {settings.py:213} INFO - settings.configure_orm(): Using pool settings. pool_size=5, max_overflow=10, pool_recycle=1800, pid=19668
[2019-10-07 13:13:50,946] {scheduler_job.py:146} INFO - Started process (PID=19668) to work on /home/sat/Projects/p1/dags/file_mover.py
[2019-10-07 13:13:50,948] {scheduler_job.py:1520} INFO - Processing file /home/sat/Projects/p1/dags/file_mover.py for tasks to queue
[2019-10-07 13:13:50,949] {logging_mixin.py:95} INFO - [2019-10-07 13:13:50,949] {dagbag.py:90} INFO - Filling up the DagBag from /home/sat/Projects/p1/dags/file_mover.py
[2019-10-07 13:13:50,958] {scheduler_job.py:1532} INFO - DAG(s) dict_keys(['file_operations_pipeline']) retrieved from /home/sat/Projects/p1/dags/file_mover.py
[2019-10-07 13:13:50,985] {scheduler_job.py:152} INFO - Processing /home/sat/Projects/p1/dags/file_mover.py took 0.039 seconds
