[2019-10-16 15:05:19,254] {taskinstance.py:620} INFO - Dependencies all met for <TaskInstance: file_operations_pipeline.move_target_to_source 2019-10-16T09:30:00+00:00 [queued]>
[2019-10-16 15:05:19,265] {taskinstance.py:620} INFO - Dependencies all met for <TaskInstance: file_operations_pipeline.move_target_to_source 2019-10-16T09:30:00+00:00 [queued]>
[2019-10-16 15:05:19,265] {taskinstance.py:838} INFO - 
--------------------------------------------------------------------------------
[2019-10-16 15:05:19,265] {taskinstance.py:839} INFO - Starting attempt 1 of 5
[2019-10-16 15:05:19,265] {taskinstance.py:840} INFO - 
--------------------------------------------------------------------------------
[2019-10-16 15:05:19,275] {taskinstance.py:859} INFO - Executing <Task(PythonOperator): move_target_to_source> on 2019-10-16T09:30:00+00:00
[2019-10-16 15:05:19,275] {base_task_runner.py:133} INFO - Running: ['airflow', 'run', 'file_operations_pipeline', 'move_target_to_source', '2019-10-16T09:30:00+00:00', '--job_id', '11', '--pool', 'default_pool', '--raw', '-sd', 'DAGS_FOLDER/file_mover.py', '--cfg_path', '/tmp/tmp4dto0ppf']
[2019-10-16 15:05:20,204] {base_task_runner.py:115} INFO - Job 11: Subtask move_target_to_source /home/sat/Projects/p1/avenv/lib/python3.6/site-packages/airflow/configuration.py:627: DeprecationWarning: You have two airflow.cfg files: /home/sat/airflow/airflow.cfg and /home/sat/Projects/p1/airflow.cfg. Airflow used to look at ~/airflow/airflow.cfg, even when AIRFLOW_HOME was set to a different value. Airflow will now only read /home/sat/Projects/p1/airflow.cfg, and you should remove the other file
[2019-10-16 15:05:20,204] {base_task_runner.py:115} INFO - Job 11: Subtask move_target_to_source   category=DeprecationWarning,
[2019-10-16 15:05:20,325] {base_task_runner.py:115} INFO - Job 11: Subtask move_target_to_source [2019-10-16 15:05:20,324] {settings.py:213} INFO - settings.configure_orm(): Using pool settings. pool_size=5, max_overflow=10, pool_recycle=1800, pid=14897
[2019-10-16 15:05:20,620] {base_task_runner.py:115} INFO - Job 11: Subtask move_target_to_source [2019-10-16 15:05:20,619] {__init__.py:51} INFO - Using executor CeleryExecutor
[2019-10-16 15:05:21,113] {base_task_runner.py:115} INFO - Job 11: Subtask move_target_to_source [2019-10-16 15:05:21,112] {dagbag.py:90} INFO - Filling up the DagBag from /home/sat/Projects/p1/dags/file_mover.py
[2019-10-16 15:05:21,136] {base_task_runner.py:115} INFO - Job 11: Subtask move_target_to_source [2019-10-16 15:05:21,136] {cli.py:516} INFO - Running <TaskInstance: file_operations_pipeline.move_target_to_source 2019-10-16T09:30:00+00:00 [running]> on host sat-Inspiron-5559
[2019-10-16 15:05:21,146] {python_operator.py:105} INFO - Exporting the following env vars:
AIRFLOW_CTX_DAG_ID=file_operations_pipeline
AIRFLOW_CTX_TASK_ID=move_target_to_source
AIRFLOW_CTX_EXECUTION_DATE=2019-10-16T09:30:00+00:00
AIRFLOW_CTX_DAG_RUN_ID=scheduled__2019-10-16T09:30:00+00:00
[2019-10-16 15:05:21,213] {python_operator.py:114} INFO - Done. Returned value was: None
[2019-10-16 15:05:24,269] {logging_mixin.py:95} INFO - [[34m2019-10-16 15:05:24,267[0m] {[34mlocal_task_job.py:[0m105} INFO[0m - Task exited with return code 0[0m
[2019-10-16 15:07:44,493] {taskinstance.py:620} INFO - Dependencies all met for <TaskInstance: file_operations_pipeline.move_target_to_source 2019-10-16T09:30:00+00:00 [queued]>
[2019-10-16 15:07:44,503] {taskinstance.py:620} INFO - Dependencies all met for <TaskInstance: file_operations_pipeline.move_target_to_source 2019-10-16T09:30:00+00:00 [queued]>
[2019-10-16 15:07:44,504] {taskinstance.py:838} INFO - 
--------------------------------------------------------------------------------
[2019-10-16 15:07:44,504] {taskinstance.py:839} INFO - Starting attempt 1 of 5
[2019-10-16 15:07:44,504] {taskinstance.py:840} INFO - 
--------------------------------------------------------------------------------
[2019-10-16 15:07:44,512] {taskinstance.py:859} INFO - Executing <Task(PythonOperator): move_target_to_source> on 2019-10-16T09:30:00+00:00
[2019-10-16 15:07:44,513] {base_task_runner.py:133} INFO - Running: ['airflow', 'run', 'file_operations_pipeline', 'move_target_to_source', '2019-10-16T09:30:00+00:00', '--job_id', '4', '--pool', 'default_pool', '--raw', '-sd', 'DAGS_FOLDER/file_mover.py', '--cfg_path', '/tmp/tmpz6s9eqvx']
[2019-10-16 15:07:45,074] {base_task_runner.py:115} INFO - Job 4: Subtask move_target_to_source /home/sat/Projects/p1/avenv/lib/python3.6/site-packages/airflow/configuration.py:627: DeprecationWarning: You have two airflow.cfg files: /home/sat/airflow/airflow.cfg and /home/sat/Projects/p1/airflow.cfg. Airflow used to look at ~/airflow/airflow.cfg, even when AIRFLOW_HOME was set to a different value. Airflow will now only read /home/sat/Projects/p1/airflow.cfg, and you should remove the other file
[2019-10-16 15:07:45,074] {base_task_runner.py:115} INFO - Job 4: Subtask move_target_to_source   category=DeprecationWarning,
[2019-10-16 15:07:45,137] {base_task_runner.py:115} INFO - Job 4: Subtask move_target_to_source [2019-10-16 15:07:45,136] {settings.py:213} INFO - settings.configure_orm(): Using pool settings. pool_size=5, max_overflow=10, pool_recycle=1800, pid=15366
[2019-10-16 15:07:45,346] {base_task_runner.py:115} INFO - Job 4: Subtask move_target_to_source [2019-10-16 15:07:45,344] {__init__.py:51} INFO - Using executor CeleryExecutor
[2019-10-16 15:07:45,808] {base_task_runner.py:115} INFO - Job 4: Subtask move_target_to_source [2019-10-16 15:07:45,807] {dagbag.py:90} INFO - Filling up the DagBag from /home/sat/Projects/p1/dags/file_mover.py
[2019-10-16 15:07:45,832] {base_task_runner.py:115} INFO - Job 4: Subtask move_target_to_source [2019-10-16 15:07:45,832] {cli.py:516} INFO - Running <TaskInstance: file_operations_pipeline.move_target_to_source 2019-10-16T09:30:00+00:00 [running]> on host sat-Inspiron-5559
[2019-10-16 15:07:45,844] {python_operator.py:105} INFO - Exporting the following env vars:
AIRFLOW_CTX_DAG_ID=file_operations_pipeline
AIRFLOW_CTX_TASK_ID=move_target_to_source
AIRFLOW_CTX_EXECUTION_DATE=2019-10-16T09:30:00+00:00
AIRFLOW_CTX_DAG_RUN_ID=scheduled__2019-10-16T09:30:00+00:00
[2019-10-16 15:07:45,851] {python_operator.py:114} INFO - Done. Returned value was: None
[2019-10-16 15:07:49,492] {logging_mixin.py:95} INFO - [[34m2019-10-16 15:07:49,491[0m] {[34mlocal_task_job.py:[0m105} INFO[0m - Task exited with return code 0[0m
