[2019-10-16 15:00:06,639] {taskinstance.py:620} INFO - Dependencies all met for <TaskInstance: file_operations_pipeline.sleep 2019-10-16T09:25:00+00:00 [queued]>
[2019-10-16 15:00:06,645] {taskinstance.py:620} INFO - Dependencies all met for <TaskInstance: file_operations_pipeline.sleep 2019-10-16T09:25:00+00:00 [queued]>
[2019-10-16 15:00:06,645] {taskinstance.py:838} INFO - 
--------------------------------------------------------------------------------
[2019-10-16 15:00:06,645] {taskinstance.py:839} INFO - Starting attempt 1 of 5
[2019-10-16 15:00:06,645] {taskinstance.py:840} INFO - 
--------------------------------------------------------------------------------
[2019-10-16 15:00:06,658] {taskinstance.py:859} INFO - Executing <Task(BashOperator): sleep> on 2019-10-16T09:25:00+00:00
[2019-10-16 15:00:06,658] {base_task_runner.py:133} INFO - Running: ['airflow', 'run', 'file_operations_pipeline', 'sleep', '2019-10-16T09:25:00+00:00', '--job_id', '3', '--pool', 'default_pool', '--raw', '-sd', 'DAGS_FOLDER/file_mover.py', '--cfg_path', '/tmp/tmpz0e2wdmi']
[2019-10-16 15:00:07,337] {base_task_runner.py:115} INFO - Job 3: Subtask sleep /home/sat/Projects/p1/avenv/lib/python3.6/site-packages/airflow/configuration.py:627: DeprecationWarning: You have two airflow.cfg files: /home/sat/airflow/airflow.cfg and /home/sat/Projects/p1/airflow.cfg. Airflow used to look at ~/airflow/airflow.cfg, even when AIRFLOW_HOME was set to a different value. Airflow will now only read /home/sat/Projects/p1/airflow.cfg, and you should remove the other file
[2019-10-16 15:00:07,338] {base_task_runner.py:115} INFO - Job 3: Subtask sleep   category=DeprecationWarning,
[2019-10-16 15:00:07,406] {base_task_runner.py:115} INFO - Job 3: Subtask sleep [2019-10-16 15:00:07,405] {settings.py:213} INFO - settings.configure_orm(): Using pool settings. pool_size=5, max_overflow=10, pool_recycle=1800, pid=13797
[2019-10-16 15:00:07,660] {base_task_runner.py:115} INFO - Job 3: Subtask sleep [2019-10-16 15:00:07,659] {__init__.py:51} INFO - Using executor CeleryExecutor
[2019-10-16 15:00:08,158] {base_task_runner.py:115} INFO - Job 3: Subtask sleep [2019-10-16 15:00:08,157] {dagbag.py:90} INFO - Filling up the DagBag from /home/sat/Projects/p1/dags/file_mover.py
[2019-10-16 15:00:08,187] {base_task_runner.py:115} INFO - Job 3: Subtask sleep [2019-10-16 15:00:08,187] {cli.py:516} INFO - Running <TaskInstance: file_operations_pipeline.sleep 2019-10-16T09:25:00+00:00 [running]> on host sat-Inspiron-5559
[2019-10-16 15:00:08,202] {bash_operator.py:81} INFO - Tmp dir root location: 
 /tmp
[2019-10-16 15:00:08,202] {bash_operator.py:91} INFO - Exporting the following env vars:
AIRFLOW_CTX_DAG_ID=file_operations_pipeline
AIRFLOW_CTX_TASK_ID=sleep
AIRFLOW_CTX_EXECUTION_DATE=2019-10-16T09:25:00+00:00
AIRFLOW_CTX_DAG_RUN_ID=scheduled__2019-10-16T09:25:00+00:00
[2019-10-16 15:00:08,202] {bash_operator.py:105} INFO - Temporary script location: /tmp/airflowtmpt855urw_/sleepvqamtric
[2019-10-16 15:00:08,202] {bash_operator.py:115} INFO - Running command: sleep 5
[2019-10-16 15:00:08,208] {bash_operator.py:124} INFO - Output:
[2019-10-16 15:00:13,211] {bash_operator.py:132} INFO - Command exited with return code 0
[2019-10-16 15:00:16,632] {logging_mixin.py:95} INFO - [[34m2019-10-16 15:00:16,631[0m] {[34mlocal_task_job.py:[0m105} INFO[0m - Task exited with return code 0[0m
