[2019-10-16 15:05:29,323] {taskinstance.py:620} INFO - Dependencies all met for <TaskInstance: file_operations_pipeline.unzip_source 2019-10-16T09:30:00+00:00 [queued]>
[2019-10-16 15:05:29,335] {taskinstance.py:620} INFO - Dependencies all met for <TaskInstance: file_operations_pipeline.unzip_source 2019-10-16T09:30:00+00:00 [queued]>
[2019-10-16 15:05:29,335] {taskinstance.py:838} INFO - 
--------------------------------------------------------------------------------
[2019-10-16 15:05:29,335] {taskinstance.py:839} INFO - Starting attempt 1 of 5
[2019-10-16 15:05:29,335] {taskinstance.py:840} INFO - 
--------------------------------------------------------------------------------
[2019-10-16 15:05:29,346] {taskinstance.py:859} INFO - Executing <Task(PythonOperator): unzip_source> on 2019-10-16T09:30:00+00:00
[2019-10-16 15:05:29,347] {base_task_runner.py:133} INFO - Running: ['airflow', 'run', 'file_operations_pipeline', 'unzip_source', '2019-10-16T09:30:00+00:00', '--job_id', '12', '--pool', 'default_pool', '--raw', '-sd', 'DAGS_FOLDER/file_mover.py', '--cfg_path', '/tmp/tmp54zwtjdj']
[2019-10-16 15:05:29,976] {base_task_runner.py:115} INFO - Job 12: Subtask unzip_source /home/sat/Projects/p1/avenv/lib/python3.6/site-packages/airflow/configuration.py:627: DeprecationWarning: You have two airflow.cfg files: /home/sat/airflow/airflow.cfg and /home/sat/Projects/p1/airflow.cfg. Airflow used to look at ~/airflow/airflow.cfg, even when AIRFLOW_HOME was set to a different value. Airflow will now only read /home/sat/Projects/p1/airflow.cfg, and you should remove the other file
[2019-10-16 15:05:29,976] {base_task_runner.py:115} INFO - Job 12: Subtask unzip_source   category=DeprecationWarning,
[2019-10-16 15:05:30,050] {base_task_runner.py:115} INFO - Job 12: Subtask unzip_source [2019-10-16 15:05:30,050] {settings.py:213} INFO - settings.configure_orm(): Using pool settings. pool_size=5, max_overflow=10, pool_recycle=1800, pid=14966
[2019-10-16 15:05:30,244] {base_task_runner.py:115} INFO - Job 12: Subtask unzip_source [2019-10-16 15:05:30,243] {__init__.py:51} INFO - Using executor CeleryExecutor
[2019-10-16 15:05:30,626] {base_task_runner.py:115} INFO - Job 12: Subtask unzip_source [2019-10-16 15:05:30,626] {dagbag.py:90} INFO - Filling up the DagBag from /home/sat/Projects/p1/dags/file_mover.py
[2019-10-16 15:05:30,649] {base_task_runner.py:115} INFO - Job 12: Subtask unzip_source [2019-10-16 15:05:30,649] {cli.py:516} INFO - Running <TaskInstance: file_operations_pipeline.unzip_source 2019-10-16T09:30:00+00:00 [running]> on host sat-Inspiron-5559
[2019-10-16 15:05:30,659] {python_operator.py:105} INFO - Exporting the following env vars:
AIRFLOW_CTX_DAG_ID=file_operations_pipeline
AIRFLOW_CTX_TASK_ID=unzip_source
AIRFLOW_CTX_EXECUTION_DATE=2019-10-16T09:30:00+00:00
AIRFLOW_CTX_DAG_RUN_ID=scheduled__2019-10-16T09:30:00+00:00
[2019-10-16 15:05:30,673] {python_operator.py:114} INFO - Done. Returned value was: None
[2019-10-16 15:05:34,330] {logging_mixin.py:95} INFO - [[34m2019-10-16 15:05:34,327[0m] {[34mlocal_task_job.py:[0m105} INFO[0m - Task exited with return code 0[0m
[2019-10-16 15:07:54,426] {taskinstance.py:620} INFO - Dependencies all met for <TaskInstance: file_operations_pipeline.unzip_source 2019-10-16T09:30:00+00:00 [queued]>
[2019-10-16 15:07:54,434] {taskinstance.py:620} INFO - Dependencies all met for <TaskInstance: file_operations_pipeline.unzip_source 2019-10-16T09:30:00+00:00 [queued]>
[2019-10-16 15:07:54,434] {taskinstance.py:838} INFO - 
--------------------------------------------------------------------------------
[2019-10-16 15:07:54,434] {taskinstance.py:839} INFO - Starting attempt 1 of 5
[2019-10-16 15:07:54,434] {taskinstance.py:840} INFO - 
--------------------------------------------------------------------------------
[2019-10-16 15:07:54,443] {taskinstance.py:859} INFO - Executing <Task(PythonOperator): unzip_source> on 2019-10-16T09:30:00+00:00
[2019-10-16 15:07:54,443] {base_task_runner.py:133} INFO - Running: ['airflow', 'run', 'file_operations_pipeline', 'unzip_source', '2019-10-16T09:30:00+00:00', '--job_id', '5', '--pool', 'default_pool', '--raw', '-sd', 'DAGS_FOLDER/file_mover.py', '--cfg_path', '/tmp/tmpfpjj0lqa']
[2019-10-16 15:07:55,108] {base_task_runner.py:115} INFO - Job 5: Subtask unzip_source /home/sat/Projects/p1/avenv/lib/python3.6/site-packages/airflow/configuration.py:627: DeprecationWarning: You have two airflow.cfg files: /home/sat/airflow/airflow.cfg and /home/sat/Projects/p1/airflow.cfg. Airflow used to look at ~/airflow/airflow.cfg, even when AIRFLOW_HOME was set to a different value. Airflow will now only read /home/sat/Projects/p1/airflow.cfg, and you should remove the other file
[2019-10-16 15:07:55,108] {base_task_runner.py:115} INFO - Job 5: Subtask unzip_source   category=DeprecationWarning,
[2019-10-16 15:07:55,175] {base_task_runner.py:115} INFO - Job 5: Subtask unzip_source [2019-10-16 15:07:55,175] {settings.py:213} INFO - settings.configure_orm(): Using pool settings. pool_size=5, max_overflow=10, pool_recycle=1800, pid=15427
[2019-10-16 15:07:55,384] {base_task_runner.py:115} INFO - Job 5: Subtask unzip_source [2019-10-16 15:07:55,383] {__init__.py:51} INFO - Using executor CeleryExecutor
[2019-10-16 15:07:55,815] {base_task_runner.py:115} INFO - Job 5: Subtask unzip_source [2019-10-16 15:07:55,814] {dagbag.py:90} INFO - Filling up the DagBag from /home/sat/Projects/p1/dags/file_mover.py
[2019-10-16 15:07:55,838] {base_task_runner.py:115} INFO - Job 5: Subtask unzip_source [2019-10-16 15:07:55,838] {cli.py:516} INFO - Running <TaskInstance: file_operations_pipeline.unzip_source 2019-10-16T09:30:00+00:00 [running]> on host sat-Inspiron-5559
[2019-10-16 15:07:55,849] {python_operator.py:105} INFO - Exporting the following env vars:
AIRFLOW_CTX_DAG_ID=file_operations_pipeline
AIRFLOW_CTX_TASK_ID=unzip_source
AIRFLOW_CTX_EXECUTION_DATE=2019-10-16T09:30:00+00:00
AIRFLOW_CTX_DAG_RUN_ID=scheduled__2019-10-16T09:30:00+00:00
[2019-10-16 15:07:55,870] {python_operator.py:114} INFO - Done. Returned value was: None
[2019-10-16 15:07:59,433] {logging_mixin.py:95} INFO - [[34m2019-10-16 15:07:59,431[0m] {[34mlocal_task_job.py:[0m105} INFO[0m - Task exited with return code 0[0m
