[2019-10-16 15:05:10,239] {taskinstance.py:620} INFO - Dependencies all met for <TaskInstance: file_operations_pipeline.sleep 2019-10-16T09:30:00+00:00 [queued]>
[2019-10-16 15:05:10,256] {taskinstance.py:620} INFO - Dependencies all met for <TaskInstance: file_operations_pipeline.sleep 2019-10-16T09:30:00+00:00 [queued]>
[2019-10-16 15:05:10,256] {taskinstance.py:838} INFO - 
--------------------------------------------------------------------------------
[2019-10-16 15:05:10,256] {taskinstance.py:839} INFO - Starting attempt 1 of 5
[2019-10-16 15:05:10,256] {taskinstance.py:840} INFO - 
--------------------------------------------------------------------------------
[2019-10-16 15:05:10,268] {taskinstance.py:859} INFO - Executing <Task(BashOperator): sleep> on 2019-10-16T09:30:00+00:00
[2019-10-16 15:05:10,269] {base_task_runner.py:133} INFO - Running: ['airflow', 'run', 'file_operations_pipeline', 'sleep', '2019-10-16T09:30:00+00:00', '--job_id', '9', '--pool', 'default_pool', '--raw', '-sd', 'DAGS_FOLDER/file_mover.py', '--cfg_path', '/tmp/tmp_uh1va0c']
[2019-10-16 15:05:11,226] {base_task_runner.py:115} INFO - Job 9: Subtask sleep /home/sat/Projects/p1/avenv/lib/python3.6/site-packages/airflow/configuration.py:627: DeprecationWarning: You have two airflow.cfg files: /home/sat/airflow/airflow.cfg and /home/sat/Projects/p1/airflow.cfg. Airflow used to look at ~/airflow/airflow.cfg, even when AIRFLOW_HOME was set to a different value. Airflow will now only read /home/sat/Projects/p1/airflow.cfg, and you should remove the other file
[2019-10-16 15:05:11,226] {base_task_runner.py:115} INFO - Job 9: Subtask sleep   category=DeprecationWarning,
[2019-10-16 15:05:11,335] {base_task_runner.py:115} INFO - Job 9: Subtask sleep [2019-10-16 15:05:11,334] {settings.py:213} INFO - settings.configure_orm(): Using pool settings. pool_size=5, max_overflow=10, pool_recycle=1800, pid=14808
[2019-10-16 15:05:11,645] {base_task_runner.py:115} INFO - Job 9: Subtask sleep [2019-10-16 15:05:11,643] {__init__.py:51} INFO - Using executor CeleryExecutor
[2019-10-16 15:05:12,178] {base_task_runner.py:115} INFO - Job 9: Subtask sleep [2019-10-16 15:05:12,177] {dagbag.py:90} INFO - Filling up the DagBag from /home/sat/Projects/p1/dags/file_mover.py
[2019-10-16 15:05:12,205] {base_task_runner.py:115} INFO - Job 9: Subtask sleep [2019-10-16 15:05:12,205] {cli.py:516} INFO - Running <TaskInstance: file_operations_pipeline.sleep 2019-10-16T09:30:00+00:00 [running]> on host sat-Inspiron-5559
[2019-10-16 15:05:12,218] {bash_operator.py:81} INFO - Tmp dir root location: 
 /tmp
[2019-10-16 15:05:12,218] {bash_operator.py:91} INFO - Exporting the following env vars:
AIRFLOW_CTX_DAG_ID=file_operations_pipeline
AIRFLOW_CTX_TASK_ID=sleep
AIRFLOW_CTX_EXECUTION_DATE=2019-10-16T09:30:00+00:00
AIRFLOW_CTX_DAG_RUN_ID=scheduled__2019-10-16T09:30:00+00:00
[2019-10-16 15:05:12,218] {bash_operator.py:105} INFO - Temporary script location: /tmp/airflowtmpkljqucz2/sleepr4j23dnj
[2019-10-16 15:05:12,218] {bash_operator.py:115} INFO - Running command: sleep 5
[2019-10-16 15:05:12,226] {bash_operator.py:124} INFO - Output:
[2019-10-16 15:05:17,231] {bash_operator.py:132} INFO - Command exited with return code 0
[2019-10-16 15:05:20,255] {logging_mixin.py:95} INFO - [[34m2019-10-16 15:05:20,254[0m] {[34mlocal_task_job.py:[0m105} INFO[0m - Task exited with return code 0[0m
[2019-10-16 15:07:35,273] {taskinstance.py:620} INFO - Dependencies all met for <TaskInstance: file_operations_pipeline.sleep 2019-10-16T09:30:00+00:00 [queued]>
[2019-10-16 15:07:35,282] {taskinstance.py:620} INFO - Dependencies all met for <TaskInstance: file_operations_pipeline.sleep 2019-10-16T09:30:00+00:00 [queued]>
[2019-10-16 15:07:35,282] {taskinstance.py:838} INFO - 
--------------------------------------------------------------------------------
[2019-10-16 15:07:35,282] {taskinstance.py:839} INFO - Starting attempt 1 of 5
[2019-10-16 15:07:35,282] {taskinstance.py:840} INFO - 
--------------------------------------------------------------------------------
[2019-10-16 15:07:35,294] {taskinstance.py:859} INFO - Executing <Task(BashOperator): sleep> on 2019-10-16T09:30:00+00:00
[2019-10-16 15:07:35,294] {base_task_runner.py:133} INFO - Running: ['airflow', 'run', 'file_operations_pipeline', 'sleep', '2019-10-16T09:30:00+00:00', '--job_id', '2', '--pool', 'default_pool', '--raw', '-sd', 'DAGS_FOLDER/file_mover.py', '--cfg_path', '/tmp/tmptsndh5qk']
[2019-10-16 15:07:36,347] {base_task_runner.py:115} INFO - Job 2: Subtask sleep /home/sat/Projects/p1/avenv/lib/python3.6/site-packages/airflow/configuration.py:627: DeprecationWarning: You have two airflow.cfg files: /home/sat/airflow/airflow.cfg and /home/sat/Projects/p1/airflow.cfg. Airflow used to look at ~/airflow/airflow.cfg, even when AIRFLOW_HOME was set to a different value. Airflow will now only read /home/sat/Projects/p1/airflow.cfg, and you should remove the other file
[2019-10-16 15:07:36,348] {base_task_runner.py:115} INFO - Job 2: Subtask sleep   category=DeprecationWarning,
[2019-10-16 15:07:36,487] {base_task_runner.py:115} INFO - Job 2: Subtask sleep [2019-10-16 15:07:36,487] {settings.py:213} INFO - settings.configure_orm(): Using pool settings. pool_size=5, max_overflow=10, pool_recycle=1800, pid=15279
[2019-10-16 15:07:36,683] {base_task_runner.py:115} INFO - Job 2: Subtask sleep [2019-10-16 15:07:36,682] {__init__.py:51} INFO - Using executor CeleryExecutor
[2019-10-16 15:07:37,213] {base_task_runner.py:115} INFO - Job 2: Subtask sleep [2019-10-16 15:07:37,212] {dagbag.py:90} INFO - Filling up the DagBag from /home/sat/Projects/p1/dags/file_mover.py
[2019-10-16 15:07:37,244] {base_task_runner.py:115} INFO - Job 2: Subtask sleep [2019-10-16 15:07:37,243] {cli.py:516} INFO - Running <TaskInstance: file_operations_pipeline.sleep 2019-10-16T09:30:00+00:00 [running]> on host sat-Inspiron-5559
[2019-10-16 15:07:37,258] {bash_operator.py:81} INFO - Tmp dir root location: 
 /tmp
[2019-10-16 15:07:37,258] {bash_operator.py:91} INFO - Exporting the following env vars:
AIRFLOW_CTX_DAG_ID=file_operations_pipeline
AIRFLOW_CTX_TASK_ID=sleep
AIRFLOW_CTX_EXECUTION_DATE=2019-10-16T09:30:00+00:00
AIRFLOW_CTX_DAG_RUN_ID=scheduled__2019-10-16T09:30:00+00:00
[2019-10-16 15:07:37,258] {bash_operator.py:105} INFO - Temporary script location: /tmp/airflowtmpij1zuf8p/sleepl2dh_xom
[2019-10-16 15:07:37,258] {bash_operator.py:115} INFO - Running command: sleep 5
[2019-10-16 15:07:37,264] {bash_operator.py:124} INFO - Output:
[2019-10-16 15:07:42,267] {bash_operator.py:132} INFO - Command exited with return code 0
[2019-10-16 15:07:45,278] {logging_mixin.py:95} INFO - [[34m2019-10-16 15:07:45,277[0m] {[34mlocal_task_job.py:[0m105} INFO[0m - Task exited with return code 0[0m
