[2019-10-16 15:10:34,297] {taskinstance.py:620} INFO - Dependencies all met for <TaskInstance: file_operations_pipeline.print_first_ten_lines 2019-10-16T09:35:00+00:00 [queued]>
[2019-10-16 15:10:34,318] {taskinstance.py:620} INFO - Dependencies all met for <TaskInstance: file_operations_pipeline.print_first_ten_lines 2019-10-16T09:35:00+00:00 [queued]>
[2019-10-16 15:10:34,318] {taskinstance.py:838} INFO - 
--------------------------------------------------------------------------------
[2019-10-16 15:10:34,319] {taskinstance.py:839} INFO - Starting attempt 1 of 5
[2019-10-16 15:10:34,319] {taskinstance.py:840} INFO - 
--------------------------------------------------------------------------------
[2019-10-16 15:10:34,332] {taskinstance.py:859} INFO - Executing <Task(BashOperator): print_first_ten_lines> on 2019-10-16T09:35:00+00:00
[2019-10-16 15:10:34,333] {base_task_runner.py:133} INFO - Running: ['airflow', 'run', 'file_operations_pipeline', 'print_first_ten_lines', '2019-10-16T09:35:00+00:00', '--job_id', '12', '--pool', 'default_pool', '--raw', '-sd', 'DAGS_FOLDER/file_mover.py', '--cfg_path', '/tmp/tmp8ej2iimi']
[2019-10-16 15:10:34,912] {base_task_runner.py:115} INFO - Job 12: Subtask print_first_ten_lines /home/sat/Projects/p1/avenv/lib/python3.6/site-packages/airflow/configuration.py:627: DeprecationWarning: You have two airflow.cfg files: /home/sat/airflow/airflow.cfg and /home/sat/Projects/p1/airflow.cfg. Airflow used to look at ~/airflow/airflow.cfg, even when AIRFLOW_HOME was set to a different value. Airflow will now only read /home/sat/Projects/p1/airflow.cfg, and you should remove the other file
[2019-10-16 15:10:34,912] {base_task_runner.py:115} INFO - Job 12: Subtask print_first_ten_lines   category=DeprecationWarning,
[2019-10-16 15:10:34,975] {base_task_runner.py:115} INFO - Job 12: Subtask print_first_ten_lines [2019-10-16 15:10:34,975] {settings.py:213} INFO - settings.configure_orm(): Using pool settings. pool_size=5, max_overflow=10, pool_recycle=1800, pid=16109
[2019-10-16 15:10:35,155] {base_task_runner.py:115} INFO - Job 12: Subtask print_first_ten_lines [2019-10-16 15:10:35,154] {__init__.py:51} INFO - Using executor CeleryExecutor
[2019-10-16 15:10:35,548] {base_task_runner.py:115} INFO - Job 12: Subtask print_first_ten_lines [2019-10-16 15:10:35,547] {dagbag.py:90} INFO - Filling up the DagBag from /home/sat/Projects/p1/dags/file_mover.py
[2019-10-16 15:10:35,571] {base_task_runner.py:115} INFO - Job 12: Subtask print_first_ten_lines [2019-10-16 15:10:35,571] {cli.py:516} INFO - Running <TaskInstance: file_operations_pipeline.print_first_ten_lines 2019-10-16T09:35:00+00:00 [running]> on host sat-Inspiron-5559
[2019-10-16 15:10:35,583] {bash_operator.py:81} INFO - Tmp dir root location: 
 /tmp
[2019-10-16 15:10:35,583] {bash_operator.py:91} INFO - Exporting the following env vars:
AIRFLOW_CTX_DAG_ID=file_operations_pipeline
AIRFLOW_CTX_TASK_ID=print_first_ten_lines
AIRFLOW_CTX_EXECUTION_DATE=2019-10-16T09:35:00+00:00
AIRFLOW_CTX_DAG_RUN_ID=scheduled__2019-10-16T09:35:00+00:00
[2019-10-16 15:10:35,583] {bash_operator.py:105} INFO - Temporary script location: /tmp/airflowtmpng1db1hb/print_first_ten_lines703c1_b3
[2019-10-16 15:10:35,583] {bash_operator.py:115} INFO - Running command: head -n 10 /home/sat/Projects/p1/target_dir/source_dir/AB_NYC_2019.csv
[2019-10-16 15:10:35,588] {bash_operator.py:124} INFO - Output:
[2019-10-16 15:10:35,590] {bash_operator.py:128} INFO - id,name,host_id,host_name,neighbourhood_group,neighbourhood,latitude,longitude,room_type,price,minimum_nights,number_of_reviews,last_review,reviews_per_month,calculated_host_listings_count,availability_365
[2019-10-16 15:10:35,590] {bash_operator.py:128} INFO - 2539,Clean & quiet apt home by the park,2787,John,Brooklyn,Kensington,40.64749,-73.97237,Private room,149,1,9,2018-10-19,0.21,6,365
[2019-10-16 15:10:35,590] {bash_operator.py:128} INFO - 2595,Skylit Midtown Castle,2845,Jennifer,Manhattan,Midtown,40.75362,-73.98377,Entire home/apt,225,1,45,2019-05-21,0.38,2,355
[2019-10-16 15:10:35,590] {bash_operator.py:128} INFO - 3647,THE VILLAGE OF HARLEM....NEW YORK !,4632,Elisabeth,Manhattan,Harlem,40.80902,-73.9419,Private room,150,3,0,,,1,365
[2019-10-16 15:10:35,590] {bash_operator.py:128} INFO - 3831,Cozy Entire Floor of Brownstone,4869,LisaRoxanne,Brooklyn,Clinton Hill,40.68514,-73.95976,Entire home/apt,89,1,270,2019-07-05,4.64,1,194
[2019-10-16 15:10:35,590] {bash_operator.py:128} INFO - 5022,Entire Apt: Spacious Studio/Loft by central park,7192,Laura,Manhattan,East Harlem,40.79851,-73.94399,Entire home/apt,80,10,9,2018-11-19,0.10,1,0
[2019-10-16 15:10:35,590] {bash_operator.py:128} INFO - 5099,Large Cozy 1 BR Apartment In Midtown East,7322,Chris,Manhattan,Murray Hill,40.74767,-73.975,Entire home/apt,200,3,74,2019-06-22,0.59,1,129
[2019-10-16 15:10:35,590] {bash_operator.py:128} INFO - 5121,BlissArtsSpace!,7356,Garon,Brooklyn,Bedford-Stuyvesant,40.68688,-73.95596,Private room,60,45,49,2017-10-05,0.40,1,0
[2019-10-16 15:10:35,590] {bash_operator.py:128} INFO - 5178,Large Furnished Room Near B'way ,8967,Shunichi,Manhattan,Hell's Kitchen,40.76489,-73.98493,Private room,79,2,430,2019-06-24,3.47,1,220
[2019-10-16 15:10:35,590] {bash_operator.py:128} INFO - 5203,Cozy Clean Guest Room - Family Apt,7490,MaryEllen,Manhattan,Upper West Side,40.80178,-73.96723,Private room,79,2,118,2017-07-21,0.99,1,0
[2019-10-16 15:10:35,590] {bash_operator.py:132} INFO - Command exited with return code 0
[2019-10-16 15:10:39,308] {logging_mixin.py:95} INFO - [[34m2019-10-16 15:10:39,306[0m] {[34mlocal_task_job.py:[0m105} INFO[0m - Task exited with return code 0[0m
