[2019-10-16 14:56:48,797] {taskinstance.py:620} INFO - Dependencies all met for <TaskInstance: file_operations_pipeline.zip_target 2019-10-16T09:20:00+00:00 [queued]>
[2019-10-16 14:56:48,809] {taskinstance.py:620} INFO - Dependencies all met for <TaskInstance: file_operations_pipeline.zip_target 2019-10-16T09:20:00+00:00 [queued]>
[2019-10-16 14:56:48,810] {taskinstance.py:838} INFO - 
--------------------------------------------------------------------------------
[2019-10-16 14:56:48,810] {taskinstance.py:839} INFO - Starting attempt 1 of 5
[2019-10-16 14:56:48,810] {taskinstance.py:840} INFO - 
--------------------------------------------------------------------------------
[2019-10-16 14:56:48,825] {taskinstance.py:859} INFO - Executing <Task(PythonOperator): zip_target> on 2019-10-16T09:20:00+00:00
[2019-10-16 14:56:48,825] {base_task_runner.py:133} INFO - Running: ['airflow', 'run', 'file_operations_pipeline', 'zip_target', '2019-10-16T09:20:00+00:00', '--job_id', '2', '--pool', 'default_pool', '--raw', '-sd', 'DAGS_FOLDER/file_mover.py', '--cfg_path', '/tmp/tmpse333on6']
[2019-10-16 14:56:49,757] {base_task_runner.py:115} INFO - Job 2: Subtask zip_target /home/sat/Projects/p1/avenv/lib/python3.6/site-packages/airflow/configuration.py:627: DeprecationWarning: You have two airflow.cfg files: /home/sat/airflow/airflow.cfg and /home/sat/Projects/p1/airflow.cfg. Airflow used to look at ~/airflow/airflow.cfg, even when AIRFLOW_HOME was set to a different value. Airflow will now only read /home/sat/Projects/p1/airflow.cfg, and you should remove the other file
[2019-10-16 14:56:49,757] {base_task_runner.py:115} INFO - Job 2: Subtask zip_target   category=DeprecationWarning,
[2019-10-16 14:56:49,823] {base_task_runner.py:115} INFO - Job 2: Subtask zip_target [2019-10-16 14:56:49,823] {settings.py:213} INFO - settings.configure_orm(): Using pool settings. pool_size=5, max_overflow=10, pool_recycle=1800, pid=13055
[2019-10-16 14:56:50,085] {base_task_runner.py:115} INFO - Job 2: Subtask zip_target [2019-10-16 14:56:50,084] {__init__.py:51} INFO - Using executor CeleryExecutor
[2019-10-16 14:56:50,540] {base_task_runner.py:115} INFO - Job 2: Subtask zip_target [2019-10-16 14:56:50,539] {dagbag.py:90} INFO - Filling up the DagBag from /home/sat/Projects/p1/dags/file_mover.py
[2019-10-16 14:56:50,563] {base_task_runner.py:115} INFO - Job 2: Subtask zip_target [2019-10-16 14:56:50,563] {cli.py:516} INFO - Running <TaskInstance: file_operations_pipeline.zip_target 2019-10-16T09:20:00+00:00 [running]> on host sat-Inspiron-5559
[2019-10-16 14:56:50,574] {python_operator.py:105} INFO - Exporting the following env vars:
AIRFLOW_CTX_DAG_ID=file_operations_pipeline
AIRFLOW_CTX_TASK_ID=zip_target
AIRFLOW_CTX_EXECUTION_DATE=2019-10-16T09:20:00+00:00
AIRFLOW_CTX_DAG_RUN_ID=scheduled__2019-10-16T09:20:00+00:00
[2019-10-16 14:56:50,587] {python_operator.py:114} INFO - Done. Returned value was: None
[2019-10-16 14:56:53,832] {logging_mixin.py:95} INFO - [[34m2019-10-16 14:56:53,829[0m] {[34mlocal_task_job.py:[0m105} INFO[0m - Task exited with return code 0[0m
