[2019-10-16 15:05:10,271] {taskinstance.py:620} INFO - Dependencies all met for <TaskInstance: file_operations_pipeline.zip_target 2019-10-16T09:30:00+00:00 [queued]>
[2019-10-16 15:05:10,278] {taskinstance.py:620} INFO - Dependencies all met for <TaskInstance: file_operations_pipeline.zip_target 2019-10-16T09:30:00+00:00 [queued]>
[2019-10-16 15:05:10,278] {taskinstance.py:838} INFO - 
--------------------------------------------------------------------------------
[2019-10-16 15:05:10,278] {taskinstance.py:839} INFO - Starting attempt 1 of 5
[2019-10-16 15:05:10,278] {taskinstance.py:840} INFO - 
--------------------------------------------------------------------------------
[2019-10-16 15:05:10,296] {taskinstance.py:859} INFO - Executing <Task(PythonOperator): zip_target> on 2019-10-16T09:30:00+00:00
[2019-10-16 15:05:10,296] {base_task_runner.py:133} INFO - Running: ['airflow', 'run', 'file_operations_pipeline', 'zip_target', '2019-10-16T09:30:00+00:00', '--job_id', '10', '--pool', 'default_pool', '--raw', '-sd', 'DAGS_FOLDER/file_mover.py', '--cfg_path', '/tmp/tmpydnawng5']
[2019-10-16 15:05:11,235] {base_task_runner.py:115} INFO - Job 10: Subtask zip_target /home/sat/Projects/p1/avenv/lib/python3.6/site-packages/airflow/configuration.py:627: DeprecationWarning: You have two airflow.cfg files: /home/sat/airflow/airflow.cfg and /home/sat/Projects/p1/airflow.cfg. Airflow used to look at ~/airflow/airflow.cfg, even when AIRFLOW_HOME was set to a different value. Airflow will now only read /home/sat/Projects/p1/airflow.cfg, and you should remove the other file
[2019-10-16 15:05:11,235] {base_task_runner.py:115} INFO - Job 10: Subtask zip_target   category=DeprecationWarning,
[2019-10-16 15:05:11,343] {base_task_runner.py:115} INFO - Job 10: Subtask zip_target [2019-10-16 15:05:11,342] {settings.py:213} INFO - settings.configure_orm(): Using pool settings. pool_size=5, max_overflow=10, pool_recycle=1800, pid=14810
[2019-10-16 15:05:11,651] {base_task_runner.py:115} INFO - Job 10: Subtask zip_target [2019-10-16 15:05:11,649] {__init__.py:51} INFO - Using executor CeleryExecutor
[2019-10-16 15:05:12,272] {base_task_runner.py:115} INFO - Job 10: Subtask zip_target [2019-10-16 15:05:12,271] {dagbag.py:90} INFO - Filling up the DagBag from /home/sat/Projects/p1/dags/file_mover.py
[2019-10-16 15:05:12,296] {base_task_runner.py:115} INFO - Job 10: Subtask zip_target [2019-10-16 15:05:12,296] {cli.py:516} INFO - Running <TaskInstance: file_operations_pipeline.zip_target 2019-10-16T09:30:00+00:00 [running]> on host sat-Inspiron-5559
[2019-10-16 15:05:12,306] {python_operator.py:105} INFO - Exporting the following env vars:
AIRFLOW_CTX_DAG_ID=file_operations_pipeline
AIRFLOW_CTX_TASK_ID=zip_target
AIRFLOW_CTX_EXECUTION_DATE=2019-10-16T09:30:00+00:00
AIRFLOW_CTX_DAG_RUN_ID=scheduled__2019-10-16T09:30:00+00:00
[2019-10-16 15:05:12,326] {python_operator.py:114} INFO - Done. Returned value was: None
[2019-10-16 15:05:15,272] {logging_mixin.py:95} INFO - [[34m2019-10-16 15:05:15,271[0m] {[34mlocal_task_job.py:[0m105} INFO[0m - Task exited with return code 0[0m
[2019-10-16 15:07:35,338] {taskinstance.py:620} INFO - Dependencies all met for <TaskInstance: file_operations_pipeline.zip_target 2019-10-16T09:30:00+00:00 [queued]>
[2019-10-16 15:07:35,350] {taskinstance.py:620} INFO - Dependencies all met for <TaskInstance: file_operations_pipeline.zip_target 2019-10-16T09:30:00+00:00 [queued]>
[2019-10-16 15:07:35,351] {taskinstance.py:838} INFO - 
--------------------------------------------------------------------------------
[2019-10-16 15:07:35,351] {taskinstance.py:839} INFO - Starting attempt 1 of 5
[2019-10-16 15:07:35,351] {taskinstance.py:840} INFO - 
--------------------------------------------------------------------------------
[2019-10-16 15:07:35,365] {taskinstance.py:859} INFO - Executing <Task(PythonOperator): zip_target> on 2019-10-16T09:30:00+00:00
[2019-10-16 15:07:35,365] {base_task_runner.py:133} INFO - Running: ['airflow', 'run', 'file_operations_pipeline', 'zip_target', '2019-10-16T09:30:00+00:00', '--job_id', '3', '--pool', 'default_pool', '--raw', '-sd', 'DAGS_FOLDER/file_mover.py', '--cfg_path', '/tmp/tmpr1fgvp1m']
[2019-10-16 15:07:36,438] {base_task_runner.py:115} INFO - Job 3: Subtask zip_target /home/sat/Projects/p1/avenv/lib/python3.6/site-packages/airflow/configuration.py:627: DeprecationWarning: You have two airflow.cfg files: /home/sat/airflow/airflow.cfg and /home/sat/Projects/p1/airflow.cfg. Airflow used to look at ~/airflow/airflow.cfg, even when AIRFLOW_HOME was set to a different value. Airflow will now only read /home/sat/Projects/p1/airflow.cfg, and you should remove the other file
[2019-10-16 15:07:36,439] {base_task_runner.py:115} INFO - Job 3: Subtask zip_target   category=DeprecationWarning,
[2019-10-16 15:07:36,533] {base_task_runner.py:115} INFO - Job 3: Subtask zip_target [2019-10-16 15:07:36,533] {settings.py:213} INFO - settings.configure_orm(): Using pool settings. pool_size=5, max_overflow=10, pool_recycle=1800, pid=15284
[2019-10-16 15:07:36,733] {base_task_runner.py:115} INFO - Job 3: Subtask zip_target [2019-10-16 15:07:36,732] {__init__.py:51} INFO - Using executor CeleryExecutor
[2019-10-16 15:07:37,229] {base_task_runner.py:115} INFO - Job 3: Subtask zip_target [2019-10-16 15:07:37,228] {dagbag.py:90} INFO - Filling up the DagBag from /home/sat/Projects/p1/dags/file_mover.py
[2019-10-16 15:07:37,258] {base_task_runner.py:115} INFO - Job 3: Subtask zip_target [2019-10-16 15:07:37,257] {cli.py:516} INFO - Running <TaskInstance: file_operations_pipeline.zip_target 2019-10-16T09:30:00+00:00 [running]> on host sat-Inspiron-5559
[2019-10-16 15:07:37,271] {python_operator.py:105} INFO - Exporting the following env vars:
AIRFLOW_CTX_DAG_ID=file_operations_pipeline
AIRFLOW_CTX_TASK_ID=zip_target
AIRFLOW_CTX_EXECUTION_DATE=2019-10-16T09:30:00+00:00
AIRFLOW_CTX_DAG_RUN_ID=scheduled__2019-10-16T09:30:00+00:00
[2019-10-16 15:07:37,283] {python_operator.py:114} INFO - Done. Returned value was: None
[2019-10-16 15:07:40,330] {logging_mixin.py:95} INFO - [[34m2019-10-16 15:07:40,326[0m] {[34mlocal_task_job.py:[0m105} INFO[0m - Task exited with return code 0[0m
