[2019-10-16 15:08:13,611] {taskinstance.py:620} INFO - Dependencies all met for <TaskInstance: file_operations_pipeline.print_last_ten_lines 2019-10-16T09:30:00+00:00 [queued]>
[2019-10-16 15:08:13,621] {taskinstance.py:620} INFO - Dependencies all met for <TaskInstance: file_operations_pipeline.print_last_ten_lines 2019-10-16T09:30:00+00:00 [queued]>
[2019-10-16 15:08:13,621] {taskinstance.py:838} INFO - 
--------------------------------------------------------------------------------
[2019-10-16 15:08:13,621] {taskinstance.py:839} INFO - Starting attempt 1 of 5
[2019-10-16 15:08:13,621] {taskinstance.py:840} INFO - 
--------------------------------------------------------------------------------
[2019-10-16 15:08:13,629] {taskinstance.py:859} INFO - Executing <Task(BashOperator): print_last_ten_lines> on 2019-10-16T09:30:00+00:00
[2019-10-16 15:08:13,630] {base_task_runner.py:133} INFO - Running: ['airflow', 'run', 'file_operations_pipeline', 'print_last_ten_lines', '2019-10-16T09:30:00+00:00', '--job_id', '7', '--pool', 'default_pool', '--raw', '-sd', 'DAGS_FOLDER/file_mover.py', '--cfg_path', '/tmp/tmpktuqlvq7']
[2019-10-16 15:08:14,243] {base_task_runner.py:115} INFO - Job 7: Subtask print_last_ten_lines /home/sat/Projects/p1/avenv/lib/python3.6/site-packages/airflow/configuration.py:627: DeprecationWarning: You have two airflow.cfg files: /home/sat/airflow/airflow.cfg and /home/sat/Projects/p1/airflow.cfg. Airflow used to look at ~/airflow/airflow.cfg, even when AIRFLOW_HOME was set to a different value. Airflow will now only read /home/sat/Projects/p1/airflow.cfg, and you should remove the other file
[2019-10-16 15:08:14,243] {base_task_runner.py:115} INFO - Job 7: Subtask print_last_ten_lines   category=DeprecationWarning,
[2019-10-16 15:08:14,308] {base_task_runner.py:115} INFO - Job 7: Subtask print_last_ten_lines [2019-10-16 15:08:14,307] {settings.py:213} INFO - settings.configure_orm(): Using pool settings. pool_size=5, max_overflow=10, pool_recycle=1800, pid=15562
[2019-10-16 15:08:14,506] {base_task_runner.py:115} INFO - Job 7: Subtask print_last_ten_lines [2019-10-16 15:08:14,505] {__init__.py:51} INFO - Using executor CeleryExecutor
[2019-10-16 15:08:14,921] {base_task_runner.py:115} INFO - Job 7: Subtask print_last_ten_lines [2019-10-16 15:08:14,919] {dagbag.py:90} INFO - Filling up the DagBag from /home/sat/Projects/p1/dags/file_mover.py
[2019-10-16 15:08:14,948] {base_task_runner.py:115} INFO - Job 7: Subtask print_last_ten_lines [2019-10-16 15:08:14,948] {cli.py:516} INFO - Running <TaskInstance: file_operations_pipeline.print_last_ten_lines 2019-10-16T09:30:00+00:00 [running]> on host sat-Inspiron-5559
[2019-10-16 15:08:14,959] {bash_operator.py:81} INFO - Tmp dir root location: 
 /tmp
[2019-10-16 15:08:14,959] {bash_operator.py:91} INFO - Exporting the following env vars:
AIRFLOW_CTX_DAG_ID=file_operations_pipeline
AIRFLOW_CTX_TASK_ID=print_last_ten_lines
AIRFLOW_CTX_EXECUTION_DATE=2019-10-16T09:30:00+00:00
AIRFLOW_CTX_DAG_RUN_ID=scheduled__2019-10-16T09:30:00+00:00
[2019-10-16 15:08:14,960] {bash_operator.py:105} INFO - Temporary script location: /tmp/airflowtmpohkwqyqw/print_last_ten_linesmxi_ovyz
[2019-10-16 15:08:14,960] {bash_operator.py:115} INFO - Running command: tail -n 10 /home/sat/Projects/p1/target_dir/source_dir/AB_NYC_2019.csv
[2019-10-16 15:08:14,964] {bash_operator.py:124} INFO - Output:
[2019-10-16 15:08:14,967] {bash_operator.py:128} INFO - 36482809,Stunning Bedroom NYC! Walking to Central Park!!,131529729,Kendall,Manhattan,East Harlem,40.79633,-73.93605,Private room,75,2,0,,,2,353
[2019-10-16 15:08:14,967] {bash_operator.py:128} INFO - 36483010,Comfy 1 Bedroom in Midtown East,274311461,Scott,Manhattan,Midtown,40.75561,-73.96723,Entire home/apt,200,6,0,,,1,176
[2019-10-16 15:08:14,967] {bash_operator.py:128} INFO - 36483152,Garden Jewel Apartment in Williamsburg New York,208514239,Melki,Brooklyn,Williamsburg,40.71232,-73.9422,Entire home/apt,170,1,0,,,3,365
[2019-10-16 15:08:14,967] {bash_operator.py:128} INFO - 36484087,"Spacious Room w/ Private Rooftop, Central location",274321313,Kat,Manhattan,Hell's Kitchen,40.76392,-73.99183,Private room,125,4,0,,,1,31
[2019-10-16 15:08:14,967] {bash_operator.py:128} INFO - 36484363,QUIT PRIVATE HOUSE,107716952,Michael,Queens,Jamaica,40.69137,-73.80844,Private room,65,1,0,,,2,163
[2019-10-16 15:08:14,967] {bash_operator.py:128} INFO - 36484665,Charming one bedroom - newly renovated rowhouse,8232441,Sabrina,Brooklyn,Bedford-Stuyvesant,40.67853,-73.94995,Private room,70,2,0,,,2,9
[2019-10-16 15:08:14,967] {bash_operator.py:128} INFO - 36485057,Affordable room in Bushwick/East Williamsburg,6570630,Marisol,Brooklyn,Bushwick,40.70184,-73.93317,Private room,40,4,0,,,2,36
[2019-10-16 15:08:14,967] {bash_operator.py:128} INFO - 36485431,Sunny Studio at Historical Neighborhood,23492952,Ilgar & Aysel,Manhattan,Harlem,40.81475,-73.94867,Entire home/apt,115,10,0,,,1,27
[2019-10-16 15:08:14,967] {bash_operator.py:128} INFO - 36485609,43rd St. Time Square-cozy single bed,30985759,Taz,Manhattan,Hell's Kitchen,40.75751,-73.99112,Shared room,55,1,0,,,6,2
[2019-10-16 15:08:14,967] {bash_operator.py:128} INFO - 36487245,Trendy duplex in the very heart of Hell's Kitchen,68119814,Christophe,Manhattan,Hell's Kitchen,40.76404,-73.98933,Private room,90,7,0,,,1,23
[2019-10-16 15:08:14,968] {bash_operator.py:132} INFO - Command exited with return code 0
[2019-10-16 15:08:18,623] {logging_mixin.py:95} INFO - [[34m2019-10-16 15:08:18,621[0m] {[34mlocal_task_job.py:[0m105} INFO[0m - Task exited with return code 0[0m
